1693652611: mosquitto version 2.0.17 starting
1693652611: Config loaded from /mosquitto/config/mosquitto.conf.
1693652611: Warning: File /mosquitto/config/password_file has world readable permissions. Future versions will refuse to load this file.
1693652611: Opening ipv4 listen socket on port 1883.
1693652611: Opening ipv6 listen socket on port 1883.
1693652611: Opening ipv4 listen socket on port 8883.
1693652611: Opening ipv6 listen socket on port 8883.
1693652611: mosquitto version 2.0.17 running
1693654412: Saving in-memory database to /mosquitto/data//mosquitto.db.
1693656213: Saving in-memory database to /mosquitto/data//mosquitto.db.
1693658014: Saving in-memory database to /mosquitto/data//mosquitto.db.
1693659815: Saving in-memory database to /mosquitto/data//mosquitto.db.
1693661616: Saving in-memory database to /mosquitto/data//mosquitto.db.
1693663417: Saving in-memory database to /mosquitto/data//mosquitto.db.
1693665218: Saving in-memory database to /mosquitto/data//mosquitto.db.
1693667019: Saving in-memory database to /mosquitto/data//mosquitto.db.
1693668820: Saving in-memory database to /mosquitto/data//mosquitto.db.
1693670621: Saving in-memory database to /mosquitto/data//mosquitto.db.
1693672422: Saving in-memory database to /mosquitto/data//mosquitto.db.
1693674223: Saving in-memory database to /mosquitto/data//mosquitto.db.
1693676024: Saving in-memory database to /mosquitto/data//mosquitto.db.
1693677825: Saving in-memory database to /mosquitto/data//mosquitto.db.
1693679626: Saving in-memory database to /mosquitto/data//mosquitto.db.
1693681427: Saving in-memory database to /mosquitto/data//mosquitto.db.
1693683228: Saving in-memory database to /mosquitto/data//mosquitto.db.
1693685029: Saving in-memory database to /mosquitto/data//mosquitto.db.
1693686830: Saving in-memory database to /mosquitto/data//mosquitto.db.
1693688631: Saving in-memory database to /mosquitto/data//mosquitto.db.
1693690432: Saving in-memory database to /mosquitto/data//mosquitto.db.
1693692233: Saving in-memory database to /mosquitto/data//mosquitto.db.
1693694034: Saving in-memory database to /mosquitto/data//mosquitto.db.
1693695835: Saving in-memory database to /mosquitto/data//mosquitto.db.
1693697636: Saving in-memory database to /mosquitto/data//mosquitto.db.
1693699437: Saving in-memory database to /mosquitto/data//mosquitto.db.
1693701238: Saving in-memory database to /mosquitto/data//mosquitto.db.
1693703039: Saving in-memory database to /mosquitto/data//mosquitto.db.
1693704840: Saving in-memory database to /mosquitto/data//mosquitto.db.
1693706641: Saving in-memory database to /mosquitto/data//mosquitto.db.
1693708442: Saving in-memory database to /mosquitto/data//mosquitto.db.
1693710243: Saving in-memory database to /mosquitto/data//mosquitto.db.
1693712044: Saving in-memory database to /mosquitto/data//mosquitto.db.
1693713845: Saving in-memory database to /mosquitto/data//mosquitto.db.
1693715646: Saving in-memory database to /mosquitto/data//mosquitto.db.
1693717447: Saving in-memory database to /mosquitto/data//mosquitto.db.
1693719248: Saving in-memory database to /mosquitto/data//mosquitto.db.
1693721049: Saving in-memory database to /mosquitto/data//mosquitto.db.
1693722850: Saving in-memory database to /mosquitto/data//mosquitto.db.
1693724651: Saving in-memory database to /mosquitto/data//mosquitto.db.
1693726452: Saving in-memory database to /mosquitto/data//mosquitto.db.
1693728253: Saving in-memory database to /mosquitto/data//mosquitto.db.
1693730054: Saving in-memory database to /mosquitto/data//mosquitto.db.
1693731855: Saving in-memory database to /mosquitto/data//mosquitto.db.
1693733656: Saving in-memory database to /mosquitto/data//mosquitto.db.
1693735457: Saving in-memory database to /mosquitto/data//mosquitto.db.
1693737258: Saving in-memory database to /mosquitto/data//mosquitto.db.
1693739059: Saving in-memory database to /mosquitto/data//mosquitto.db.
1693740860: Saving in-memory database to /mosquitto/data//mosquitto.db.
1693742661: Saving in-memory database to /mosquitto/data//mosquitto.db.
1693744462: Saving in-memory database to /mosquitto/data//mosquitto.db.
1693746263: Saving in-memory database to /mosquitto/data//mosquitto.db.
1693748064: Saving in-memory database to /mosquitto/data//mosquitto.db.
1693749865: Saving in-memory database to /mosquitto/data//mosquitto.db.
1693751666: Saving in-memory database to /mosquitto/data//mosquitto.db.
1693753467: Saving in-memory database to /mosquitto/data//mosquitto.db.
1693755268: Saving in-memory database to /mosquitto/data//mosquitto.db.
1693757069: Saving in-memory database to /mosquitto/data//mosquitto.db.
1693758870: Saving in-memory database to /mosquitto/data//mosquitto.db.
1693760671: Saving in-memory database to /mosquitto/data//mosquitto.db.
1693762472: Saving in-memory database to /mosquitto/data//mosquitto.db.
1693764273: Saving in-memory database to /mosquitto/data//mosquitto.db.
1693766074: Saving in-memory database to /mosquitto/data//mosquitto.db.
1693767875: Saving in-memory database to /mosquitto/data//mosquitto.db.
1693769676: Saving in-memory database to /mosquitto/data//mosquitto.db.
1693771477: Saving in-memory database to /mosquitto/data//mosquitto.db.
1693773278: Saving in-memory database to /mosquitto/data//mosquitto.db.
1693775079: Saving in-memory database to /mosquitto/data//mosquitto.db.
1693776880: Saving in-memory database to /mosquitto/data//mosquitto.db.
1693778681: Saving in-memory database to /mosquitto/data//mosquitto.db.
1693780482: Saving in-memory database to /mosquitto/data//mosquitto.db.
1693782283: Saving in-memory database to /mosquitto/data//mosquitto.db.
1693784084: Saving in-memory database to /mosquitto/data//mosquitto.db.
1693785885: Saving in-memory database to /mosquitto/data//mosquitto.db.
1693787686: Saving in-memory database to /mosquitto/data//mosquitto.db.
1693789487: Saving in-memory database to /mosquitto/data//mosquitto.db.
1693791288: Saving in-memory database to /mosquitto/data//mosquitto.db.
1693793089: Saving in-memory database to /mosquitto/data//mosquitto.db.
1693794890: Saving in-memory database to /mosquitto/data//mosquitto.db.
1693796691: Saving in-memory database to /mosquitto/data//mosquitto.db.
1693798492: Saving in-memory database to /mosquitto/data//mosquitto.db.
1693800293: Saving in-memory database to /mosquitto/data//mosquitto.db.
1693802094: Saving in-memory database to /mosquitto/data//mosquitto.db.
1693803895: Saving in-memory database to /mosquitto/data//mosquitto.db.
1693805696: Saving in-memory database to /mosquitto/data//mosquitto.db.
1693807497: Saving in-memory database to /mosquitto/data//mosquitto.db.
1693809298: Saving in-memory database to /mosquitto/data//mosquitto.db.
1693811099: Saving in-memory database to /mosquitto/data//mosquitto.db.
1693812900: Saving in-memory database to /mosquitto/data//mosquitto.db.
1693814701: Saving in-memory database to /mosquitto/data//mosquitto.db.
1693816502: Saving in-memory database to /mosquitto/data//mosquitto.db.
1693818303: Saving in-memory database to /mosquitto/data//mosquitto.db.
1693820104: Saving in-memory database to /mosquitto/data//mosquitto.db.
1693821905: Saving in-memory database to /mosquitto/data//mosquitto.db.
1693823706: Saving in-memory database to /mosquitto/data//mosquitto.db.
1693825507: Saving in-memory database to /mosquitto/data//mosquitto.db.
1693827308: Saving in-memory database to /mosquitto/data//mosquitto.db.
1693829109: Saving in-memory database to /mosquitto/data//mosquitto.db.
1693830910: Saving in-memory database to /mosquitto/data//mosquitto.db.
1693832711: Saving in-memory database to /mosquitto/data//mosquitto.db.
1693834512: Saving in-memory database to /mosquitto/data//mosquitto.db.
1693836313: Saving in-memory database to /mosquitto/data//mosquitto.db.
1693838114: Saving in-memory database to /mosquitto/data//mosquitto.db.
1693839915: Saving in-memory database to /mosquitto/data//mosquitto.db.
1693841716: Saving in-memory database to /mosquitto/data//mosquitto.db.
1693843517: Saving in-memory database to /mosquitto/data//mosquitto.db.
1693845318: Saving in-memory database to /mosquitto/data//mosquitto.db.
1693847119: Saving in-memory database to /mosquitto/data//mosquitto.db.
1693848920: Saving in-memory database to /mosquitto/data//mosquitto.db.
1693850721: Saving in-memory database to /mosquitto/data//mosquitto.db.
1693852522: Saving in-memory database to /mosquitto/data//mosquitto.db.
1693854323: Saving in-memory database to /mosquitto/data//mosquitto.db.
1693856124: Saving in-memory database to /mosquitto/data//mosquitto.db.
1693857925: Saving in-memory database to /mosquitto/data//mosquitto.db.
1693859726: Saving in-memory database to /mosquitto/data//mosquitto.db.
1693861527: Saving in-memory database to /mosquitto/data//mosquitto.db.
1693863328: Saving in-memory database to /mosquitto/data//mosquitto.db.
1693865129: Saving in-memory database to /mosquitto/data//mosquitto.db.
1693866930: Saving in-memory database to /mosquitto/data//mosquitto.db.
1693868731: Saving in-memory database to /mosquitto/data//mosquitto.db.
1693870532: Saving in-memory database to /mosquitto/data//mosquitto.db.
1693872333: Saving in-memory database to /mosquitto/data//mosquitto.db.
1693874134: Saving in-memory database to /mosquitto/data//mosquitto.db.
1693875935: Saving in-memory database to /mosquitto/data//mosquitto.db.
1693877736: Saving in-memory database to /mosquitto/data//mosquitto.db.
1693879537: Saving in-memory database to /mosquitto/data//mosquitto.db.
1693881338: Saving in-memory database to /mosquitto/data//mosquitto.db.
1693883139: Saving in-memory database to /mosquitto/data//mosquitto.db.
1693884940: Saving in-memory database to /mosquitto/data//mosquitto.db.
1693886741: Saving in-memory database to /mosquitto/data//mosquitto.db.
1693888542: Saving in-memory database to /mosquitto/data//mosquitto.db.
1693890343: Saving in-memory database to /mosquitto/data//mosquitto.db.
1693892144: Saving in-memory database to /mosquitto/data//mosquitto.db.
1693893945: Saving in-memory database to /mosquitto/data//mosquitto.db.
1693895746: Saving in-memory database to /mosquitto/data//mosquitto.db.
1693897547: Saving in-memory database to /mosquitto/data//mosquitto.db.
1693899348: Saving in-memory database to /mosquitto/data//mosquitto.db.
1693901149: Saving in-memory database to /mosquitto/data//mosquitto.db.
1693902950: Saving in-memory database to /mosquitto/data//mosquitto.db.
1693904751: Saving in-memory database to /mosquitto/data//mosquitto.db.
1693906552: Saving in-memory database to /mosquitto/data//mosquitto.db.
1693908353: Saving in-memory database to /mosquitto/data//mosquitto.db.
1693910154: Saving in-memory database to /mosquitto/data//mosquitto.db.
1693911955: Saving in-memory database to /mosquitto/data//mosquitto.db.
1693913756: Saving in-memory database to /mosquitto/data//mosquitto.db.
1693915557: Saving in-memory database to /mosquitto/data//mosquitto.db.
1693917358: Saving in-memory database to /mosquitto/data//mosquitto.db.
1693919159: Saving in-memory database to /mosquitto/data//mosquitto.db.
1693920960: Saving in-memory database to /mosquitto/data//mosquitto.db.
1693922761: Saving in-memory database to /mosquitto/data//mosquitto.db.
1693924562: Saving in-memory database to /mosquitto/data//mosquitto.db.
1693926363: Saving in-memory database to /mosquitto/data//mosquitto.db.
1693928164: Saving in-memory database to /mosquitto/data//mosquitto.db.
1693929965: Saving in-memory database to /mosquitto/data//mosquitto.db.
1693931766: Saving in-memory database to /mosquitto/data//mosquitto.db.
1693933567: Saving in-memory database to /mosquitto/data//mosquitto.db.
1693935368: Saving in-memory database to /mosquitto/data//mosquitto.db.
1693937169: Saving in-memory database to /mosquitto/data//mosquitto.db.
1693938970: Saving in-memory database to /mosquitto/data//mosquitto.db.
1693940771: Saving in-memory database to /mosquitto/data//mosquitto.db.
1693942572: Saving in-memory database to /mosquitto/data//mosquitto.db.
1693944373: Saving in-memory database to /mosquitto/data//mosquitto.db.
1693946174: Saving in-memory database to /mosquitto/data//mosquitto.db.
1693947975: Saving in-memory database to /mosquitto/data//mosquitto.db.
1693949776: Saving in-memory database to /mosquitto/data//mosquitto.db.
1693951577: Saving in-memory database to /mosquitto/data//mosquitto.db.
1693953378: Saving in-memory database to /mosquitto/data//mosquitto.db.
1693955179: Saving in-memory database to /mosquitto/data//mosquitto.db.
1693956980: Saving in-memory database to /mosquitto/data//mosquitto.db.
1693958781: Saving in-memory database to /mosquitto/data//mosquitto.db.
1693960582: Saving in-memory database to /mosquitto/data//mosquitto.db.
1693962383: Saving in-memory database to /mosquitto/data//mosquitto.db.
1693964184: Saving in-memory database to /mosquitto/data//mosquitto.db.
1693965985: Saving in-memory database to /mosquitto/data//mosquitto.db.
1693967786: Saving in-memory database to /mosquitto/data//mosquitto.db.
1693969587: Saving in-memory database to /mosquitto/data//mosquitto.db.
1693971388: Saving in-memory database to /mosquitto/data//mosquitto.db.
1693973189: Saving in-memory database to /mosquitto/data//mosquitto.db.
1693974990: Saving in-memory database to /mosquitto/data//mosquitto.db.
1693976791: Saving in-memory database to /mosquitto/data//mosquitto.db.
1693978592: Saving in-memory database to /mosquitto/data//mosquitto.db.
1693980393: Saving in-memory database to /mosquitto/data//mosquitto.db.
1693982194: Saving in-memory database to /mosquitto/data//mosquitto.db.
1693983995: Saving in-memory database to /mosquitto/data//mosquitto.db.
1693985796: Saving in-memory database to /mosquitto/data//mosquitto.db.
1693987597: Saving in-memory database to /mosquitto/data//mosquitto.db.
1693989398: Saving in-memory database to /mosquitto/data//mosquitto.db.
1693991199: Saving in-memory database to /mosquitto/data//mosquitto.db.
1693993000: Saving in-memory database to /mosquitto/data//mosquitto.db.
1693994801: Saving in-memory database to /mosquitto/data//mosquitto.db.
1693996602: Saving in-memory database to /mosquitto/data//mosquitto.db.
1693998403: Saving in-memory database to /mosquitto/data//mosquitto.db.
1694000204: Saving in-memory database to /mosquitto/data//mosquitto.db.
1694002005: Saving in-memory database to /mosquitto/data//mosquitto.db.
1694003806: Saving in-memory database to /mosquitto/data//mosquitto.db.
1694005607: Saving in-memory database to /mosquitto/data//mosquitto.db.
1694007408: Saving in-memory database to /mosquitto/data//mosquitto.db.
1694009209: Saving in-memory database to /mosquitto/data//mosquitto.db.
1694011010: Saving in-memory database to /mosquitto/data//mosquitto.db.
1694012811: Saving in-memory database to /mosquitto/data//mosquitto.db.
1694014612: Saving in-memory database to /mosquitto/data//mosquitto.db.
1694016413: Saving in-memory database to /mosquitto/data//mosquitto.db.
1694018214: Saving in-memory database to /mosquitto/data//mosquitto.db.
1694020015: Saving in-memory database to /mosquitto/data//mosquitto.db.
1694021816: Saving in-memory database to /mosquitto/data//mosquitto.db.
1694023617: Saving in-memory database to /mosquitto/data//mosquitto.db.
1694025418: Saving in-memory database to /mosquitto/data//mosquitto.db.
1694027219: Saving in-memory database to /mosquitto/data//mosquitto.db.
1694029020: Saving in-memory database to /mosquitto/data//mosquitto.db.
1694030821: Saving in-memory database to /mosquitto/data//mosquitto.db.
1694032622: Saving in-memory database to /mosquitto/data//mosquitto.db.
1694034423: Saving in-memory database to /mosquitto/data//mosquitto.db.
1694036224: Saving in-memory database to /mosquitto/data//mosquitto.db.
1694038025: Saving in-memory database to /mosquitto/data//mosquitto.db.
1694039826: Saving in-memory database to /mosquitto/data//mosquitto.db.
1694041627: Saving in-memory database to /mosquitto/data//mosquitto.db.
1694043428: Saving in-memory database to /mosquitto/data//mosquitto.db.
1694045229: Saving in-memory database to /mosquitto/data//mosquitto.db.
1694047030: Saving in-memory database to /mosquitto/data//mosquitto.db.
1694048831: Saving in-memory database to /mosquitto/data//mosquitto.db.
1694050632: Saving in-memory database to /mosquitto/data//mosquitto.db.
1694052433: Saving in-memory database to /mosquitto/data//mosquitto.db.
1694054234: Saving in-memory database to /mosquitto/data//mosquitto.db.
1694056035: Saving in-memory database to /mosquitto/data//mosquitto.db.
1694057836: Saving in-memory database to /mosquitto/data//mosquitto.db.
1694059637: Saving in-memory database to /mosquitto/data//mosquitto.db.
1694061438: Saving in-memory database to /mosquitto/data//mosquitto.db.
1694063239: Saving in-memory database to /mosquitto/data//mosquitto.db.
1694065040: Saving in-memory database to /mosquitto/data//mosquitto.db.
1694066841: Saving in-memory database to /mosquitto/data//mosquitto.db.
1694068642: Saving in-memory database to /mosquitto/data//mosquitto.db.
1694070443: Saving in-memory database to /mosquitto/data//mosquitto.db.
1694072244: Saving in-memory database to /mosquitto/data//mosquitto.db.
1694074045: Saving in-memory database to /mosquitto/data//mosquitto.db.
1694075846: Saving in-memory database to /mosquitto/data//mosquitto.db.
1694077647: Saving in-memory database to /mosquitto/data//mosquitto.db.
1694079448: Saving in-memory database to /mosquitto/data//mosquitto.db.
1694081249: Saving in-memory database to /mosquitto/data//mosquitto.db.
1694083050: Saving in-memory database to /mosquitto/data//mosquitto.db.
1694084851: Saving in-memory database to /mosquitto/data//mosquitto.db.
1694086652: Saving in-memory database to /mosquitto/data//mosquitto.db.
1694088453: Saving in-memory database to /mosquitto/data//mosquitto.db.
1694090254: Saving in-memory database to /mosquitto/data//mosquitto.db.
1694092055: Saving in-memory database to /mosquitto/data//mosquitto.db.
1694093856: Saving in-memory database to /mosquitto/data//mosquitto.db.
1694095657: Saving in-memory database to /mosquitto/data//mosquitto.db.
1694097458: Saving in-memory database to /mosquitto/data//mosquitto.db.
1694099259: Saving in-memory database to /mosquitto/data//mosquitto.db.
1694101060: Saving in-memory database to /mosquitto/data//mosquitto.db.
1694102861: Saving in-memory database to /mosquitto/data//mosquitto.db.
1694104662: Saving in-memory database to /mosquitto/data//mosquitto.db.
1694106463: Saving in-memory database to /mosquitto/data//mosquitto.db.
1694108264: Saving in-memory database to /mosquitto/data//mosquitto.db.
1694110065: Saving in-memory database to /mosquitto/data//mosquitto.db.
1694111866: Saving in-memory database to /mosquitto/data//mosquitto.db.
1694113667: Saving in-memory database to /mosquitto/data//mosquitto.db.
1694115468: Saving in-memory database to /mosquitto/data//mosquitto.db.
1694117269: Saving in-memory database to /mosquitto/data//mosquitto.db.
1694119070: Saving in-memory database to /mosquitto/data//mosquitto.db.
1694120871: Saving in-memory database to /mosquitto/data//mosquitto.db.
1694122672: Saving in-memory database to /mosquitto/data//mosquitto.db.
1694124473: Saving in-memory database to /mosquitto/data//mosquitto.db.
1694126274: Saving in-memory database to /mosquitto/data//mosquitto.db.
1694128075: Saving in-memory database to /mosquitto/data//mosquitto.db.
1694129876: Saving in-memory database to /mosquitto/data//mosquitto.db.
1694131677: Saving in-memory database to /mosquitto/data//mosquitto.db.
1694133478: Saving in-memory database to /mosquitto/data//mosquitto.db.
1694135279: Saving in-memory database to /mosquitto/data//mosquitto.db.
1694137080: Saving in-memory database to /mosquitto/data//mosquitto.db.
1694138881: Saving in-memory database to /mosquitto/data//mosquitto.db.
1694140682: Saving in-memory database to /mosquitto/data//mosquitto.db.
1694142483: Saving in-memory database to /mosquitto/data//mosquitto.db.
1694144284: Saving in-memory database to /mosquitto/data//mosquitto.db.
1694146085: Saving in-memory database to /mosquitto/data//mosquitto.db.
1694147886: Saving in-memory database to /mosquitto/data//mosquitto.db.
1694149687: Saving in-memory database to /mosquitto/data//mosquitto.db.
1694151488: Saving in-memory database to /mosquitto/data//mosquitto.db.
1694153289: Saving in-memory database to /mosquitto/data//mosquitto.db.
1694155090: Saving in-memory database to /mosquitto/data//mosquitto.db.
1694156891: Saving in-memory database to /mosquitto/data//mosquitto.db.
1694158692: Saving in-memory database to /mosquitto/data//mosquitto.db.
1694160493: Saving in-memory database to /mosquitto/data//mosquitto.db.
1694162294: Saving in-memory database to /mosquitto/data//mosquitto.db.
1694164095: Saving in-memory database to /mosquitto/data//mosquitto.db.
1694165896: Saving in-memory database to /mosquitto/data//mosquitto.db.
1694167697: Saving in-memory database to /mosquitto/data//mosquitto.db.
1694169498: Saving in-memory database to /mosquitto/data//mosquitto.db.
1694171299: Saving in-memory database to /mosquitto/data//mosquitto.db.
1694173100: Saving in-memory database to /mosquitto/data//mosquitto.db.
1694174901: Saving in-memory database to /mosquitto/data//mosquitto.db.
1694176702: Saving in-memory database to /mosquitto/data//mosquitto.db.
1694178503: Saving in-memory database to /mosquitto/data//mosquitto.db.
1694180304: Saving in-memory database to /mosquitto/data//mosquitto.db.
1694182105: Saving in-memory database to /mosquitto/data//mosquitto.db.
1694183906: Saving in-memory database to /mosquitto/data//mosquitto.db.
1694185707: Saving in-memory database to /mosquitto/data//mosquitto.db.
1694187508: Saving in-memory database to /mosquitto/data//mosquitto.db.
1694189309: Saving in-memory database to /mosquitto/data//mosquitto.db.
1694191110: Saving in-memory database to /mosquitto/data//mosquitto.db.
1694192911: Saving in-memory database to /mosquitto/data//mosquitto.db.
1694194712: Saving in-memory database to /mosquitto/data//mosquitto.db.
1694196513: Saving in-memory database to /mosquitto/data//mosquitto.db.
1694198314: Saving in-memory database to /mosquitto/data//mosquitto.db.
1694200115: Saving in-memory database to /mosquitto/data//mosquitto.db.
1694201916: Saving in-memory database to /mosquitto/data//mosquitto.db.
1694203717: Saving in-memory database to /mosquitto/data//mosquitto.db.
1694205518: Saving in-memory database to /mosquitto/data//mosquitto.db.
1694207319: Saving in-memory database to /mosquitto/data//mosquitto.db.
1694209120: Saving in-memory database to /mosquitto/data//mosquitto.db.
1694210921: Saving in-memory database to /mosquitto/data//mosquitto.db.
1694212722: Saving in-memory database to /mosquitto/data//mosquitto.db.
1694214523: Saving in-memory database to /mosquitto/data//mosquitto.db.
1694216324: Saving in-memory database to /mosquitto/data//mosquitto.db.
1694218125: Saving in-memory database to /mosquitto/data//mosquitto.db.
1694219926: Saving in-memory database to /mosquitto/data//mosquitto.db.
1694221727: Saving in-memory database to /mosquitto/data//mosquitto.db.
1694223528: Saving in-memory database to /mosquitto/data//mosquitto.db.
1694225329: Saving in-memory database to /mosquitto/data//mosquitto.db.
1694227130: Saving in-memory database to /mosquitto/data//mosquitto.db.
1694228931: Saving in-memory database to /mosquitto/data//mosquitto.db.
1694230732: Saving in-memory database to /mosquitto/data//mosquitto.db.
1694232533: Saving in-memory database to /mosquitto/data//mosquitto.db.
1694234334: Saving in-memory database to /mosquitto/data//mosquitto.db.
1694236135: Saving in-memory database to /mosquitto/data//mosquitto.db.
1694237936: Saving in-memory database to /mosquitto/data//mosquitto.db.
1694239737: Saving in-memory database to /mosquitto/data//mosquitto.db.
1694241538: Saving in-memory database to /mosquitto/data//mosquitto.db.
1694243339: Saving in-memory database to /mosquitto/data//mosquitto.db.
1694245140: Saving in-memory database to /mosquitto/data//mosquitto.db.
1694246941: Saving in-memory database to /mosquitto/data//mosquitto.db.
1694248742: Saving in-memory database to /mosquitto/data//mosquitto.db.
1694250543: Saving in-memory database to /mosquitto/data//mosquitto.db.
1694252344: Saving in-memory database to /mosquitto/data//mosquitto.db.
1694254145: Saving in-memory database to /mosquitto/data//mosquitto.db.
1694255946: Saving in-memory database to /mosquitto/data//mosquitto.db.
1694257747: Saving in-memory database to /mosquitto/data//mosquitto.db.
1694259548: Saving in-memory database to /mosquitto/data//mosquitto.db.
1694261349: Saving in-memory database to /mosquitto/data//mosquitto.db.
1694263150: Saving in-memory database to /mosquitto/data//mosquitto.db.
1694264951: Saving in-memory database to /mosquitto/data//mosquitto.db.
1694266752: Saving in-memory database to /mosquitto/data//mosquitto.db.
1694268553: Saving in-memory database to /mosquitto/data//mosquitto.db.
1694270354: Saving in-memory database to /mosquitto/data//mosquitto.db.
1694272155: Saving in-memory database to /mosquitto/data//mosquitto.db.
1694273956: Saving in-memory database to /mosquitto/data//mosquitto.db.
1694275757: Saving in-memory database to /mosquitto/data//mosquitto.db.
1694277558: Saving in-memory database to /mosquitto/data//mosquitto.db.
1694279359: Saving in-memory database to /mosquitto/data//mosquitto.db.
1694281160: Saving in-memory database to /mosquitto/data//mosquitto.db.
1694282961: Saving in-memory database to /mosquitto/data//mosquitto.db.
1694284762: Saving in-memory database to /mosquitto/data//mosquitto.db.
1694286563: Saving in-memory database to /mosquitto/data//mosquitto.db.
1694288364: Saving in-memory database to /mosquitto/data//mosquitto.db.
1694290165: Saving in-memory database to /mosquitto/data//mosquitto.db.
1694291966: Saving in-memory database to /mosquitto/data//mosquitto.db.
1694293767: Saving in-memory database to /mosquitto/data//mosquitto.db.
1694295568: Saving in-memory database to /mosquitto/data//mosquitto.db.
1694297369: Saving in-memory database to /mosquitto/data//mosquitto.db.
1694299170: Saving in-memory database to /mosquitto/data//mosquitto.db.
1694300971: Saving in-memory database to /mosquitto/data//mosquitto.db.
1694302772: Saving in-memory database to /mosquitto/data//mosquitto.db.
1694304573: Saving in-memory database to /mosquitto/data//mosquitto.db.
1694306374: Saving in-memory database to /mosquitto/data//mosquitto.db.
1694308175: Saving in-memory database to /mosquitto/data//mosquitto.db.
1694309976: Saving in-memory database to /mosquitto/data//mosquitto.db.
1694311777: Saving in-memory database to /mosquitto/data//mosquitto.db.
1694313578: Saving in-memory database to /mosquitto/data//mosquitto.db.
1694315379: Saving in-memory database to /mosquitto/data//mosquitto.db.
1694317180: Saving in-memory database to /mosquitto/data//mosquitto.db.
1694318981: Saving in-memory database to /mosquitto/data//mosquitto.db.
1694320782: Saving in-memory database to /mosquitto/data//mosquitto.db.
1694322583: Saving in-memory database to /mosquitto/data//mosquitto.db.
1694324384: Saving in-memory database to /mosquitto/data//mosquitto.db.
1694326185: Saving in-memory database to /mosquitto/data//mosquitto.db.
1694327986: Saving in-memory database to /mosquitto/data//mosquitto.db.
1694329787: Saving in-memory database to /mosquitto/data//mosquitto.db.
1694331588: Saving in-memory database to /mosquitto/data//mosquitto.db.
1694333389: Saving in-memory database to /mosquitto/data//mosquitto.db.
1694335190: Saving in-memory database to /mosquitto/data//mosquitto.db.
1694336991: Saving in-memory database to /mosquitto/data//mosquitto.db.
1694338792: Saving in-memory database to /mosquitto/data//mosquitto.db.
1694340593: Saving in-memory database to /mosquitto/data//mosquitto.db.
1694342394: Saving in-memory database to /mosquitto/data//mosquitto.db.
1694344195: Saving in-memory database to /mosquitto/data//mosquitto.db.
1694345996: Saving in-memory database to /mosquitto/data//mosquitto.db.
1694347797: Saving in-memory database to /mosquitto/data//mosquitto.db.
1694349598: Saving in-memory database to /mosquitto/data//mosquitto.db.
1694351399: Saving in-memory database to /mosquitto/data//mosquitto.db.
1694353200: Saving in-memory database to /mosquitto/data//mosquitto.db.
1694355001: Saving in-memory database to /mosquitto/data//mosquitto.db.
1694356802: Saving in-memory database to /mosquitto/data//mosquitto.db.
1694358603: Saving in-memory database to /mosquitto/data//mosquitto.db.
1694360404: Saving in-memory database to /mosquitto/data//mosquitto.db.
1694362205: Saving in-memory database to /mosquitto/data//mosquitto.db.
1694364006: Saving in-memory database to /mosquitto/data//mosquitto.db.
1694365807: Saving in-memory database to /mosquitto/data//mosquitto.db.
1694367608: Saving in-memory database to /mosquitto/data//mosquitto.db.
1694369409: Saving in-memory database to /mosquitto/data//mosquitto.db.
1694371210: Saving in-memory database to /mosquitto/data//mosquitto.db.
1694373011: Saving in-memory database to /mosquitto/data//mosquitto.db.
1694374812: Saving in-memory database to /mosquitto/data//mosquitto.db.
1694376613: Saving in-memory database to /mosquitto/data//mosquitto.db.
1694378414: Saving in-memory database to /mosquitto/data//mosquitto.db.
1694380215: Saving in-memory database to /mosquitto/data//mosquitto.db.
1694382016: Saving in-memory database to /mosquitto/data//mosquitto.db.
1694383817: Saving in-memory database to /mosquitto/data//mosquitto.db.
1694385618: Saving in-memory database to /mosquitto/data//mosquitto.db.
1694387419: Saving in-memory database to /mosquitto/data//mosquitto.db.
1694389220: Saving in-memory database to /mosquitto/data//mosquitto.db.
1694391021: Saving in-memory database to /mosquitto/data//mosquitto.db.
1694392822: Saving in-memory database to /mosquitto/data//mosquitto.db.
1694394623: Saving in-memory database to /mosquitto/data//mosquitto.db.
1694396424: Saving in-memory database to /mosquitto/data//mosquitto.db.
1694398225: Saving in-memory database to /mosquitto/data//mosquitto.db.
1694400026: Saving in-memory database to /mosquitto/data//mosquitto.db.
1694401827: Saving in-memory database to /mosquitto/data//mosquitto.db.
1694403628: Saving in-memory database to /mosquitto/data//mosquitto.db.
1694405429: Saving in-memory database to /mosquitto/data//mosquitto.db.
1694407230: Saving in-memory database to /mosquitto/data//mosquitto.db.
1694409031: Saving in-memory database to /mosquitto/data//mosquitto.db.
1694410832: Saving in-memory database to /mosquitto/data//mosquitto.db.
1694412633: Saving in-memory database to /mosquitto/data//mosquitto.db.
1694414434: Saving in-memory database to /mosquitto/data//mosquitto.db.
1694416235: Saving in-memory database to /mosquitto/data//mosquitto.db.
1694418036: Saving in-memory database to /mosquitto/data//mosquitto.db.
1694419837: Saving in-memory database to /mosquitto/data//mosquitto.db.
1694421638: Saving in-memory database to /mosquitto/data//mosquitto.db.
1694423439: Saving in-memory database to /mosquitto/data//mosquitto.db.
1694425240: Saving in-memory database to /mosquitto/data//mosquitto.db.
1694427041: Saving in-memory database to /mosquitto/data//mosquitto.db.
1694428842: Saving in-memory database to /mosquitto/data//mosquitto.db.
1694430643: Saving in-memory database to /mosquitto/data//mosquitto.db.
1694432444: Saving in-memory database to /mosquitto/data//mosquitto.db.
1694434245: Saving in-memory database to /mosquitto/data//mosquitto.db.
1694436046: Saving in-memory database to /mosquitto/data//mosquitto.db.
1694437847: Saving in-memory database to /mosquitto/data//mosquitto.db.
1694439648: Saving in-memory database to /mosquitto/data//mosquitto.db.
1694441449: Saving in-memory database to /mosquitto/data//mosquitto.db.
1694443250: Saving in-memory database to /mosquitto/data//mosquitto.db.
1694445051: Saving in-memory database to /mosquitto/data//mosquitto.db.
1694446852: Saving in-memory database to /mosquitto/data//mosquitto.db.
1694448653: Saving in-memory database to /mosquitto/data//mosquitto.db.
1694450454: Saving in-memory database to /mosquitto/data//mosquitto.db.
1694452255: Saving in-memory database to /mosquitto/data//mosquitto.db.
1694454056: Saving in-memory database to /mosquitto/data//mosquitto.db.
1694455857: Saving in-memory database to /mosquitto/data//mosquitto.db.
1694457658: Saving in-memory database to /mosquitto/data//mosquitto.db.
1694459459: Saving in-memory database to /mosquitto/data//mosquitto.db.
1694461260: Saving in-memory database to /mosquitto/data//mosquitto.db.
1694463061: Saving in-memory database to /mosquitto/data//mosquitto.db.
1694464862: Saving in-memory database to /mosquitto/data//mosquitto.db.
1694466663: Saving in-memory database to /mosquitto/data//mosquitto.db.
1694468464: Saving in-memory database to /mosquitto/data//mosquitto.db.
1694470265: Saving in-memory database to /mosquitto/data//mosquitto.db.
1694472066: Saving in-memory database to /mosquitto/data//mosquitto.db.
1694473867: Saving in-memory database to /mosquitto/data//mosquitto.db.
1694475668: Saving in-memory database to /mosquitto/data//mosquitto.db.
1694477469: Saving in-memory database to /mosquitto/data//mosquitto.db.
1694479270: Saving in-memory database to /mosquitto/data//mosquitto.db.
1694481071: Saving in-memory database to /mosquitto/data//mosquitto.db.
1694482872: Saving in-memory database to /mosquitto/data//mosquitto.db.
1694484673: Saving in-memory database to /mosquitto/data//mosquitto.db.
1694486474: Saving in-memory database to /mosquitto/data//mosquitto.db.
1694488275: Saving in-memory database to /mosquitto/data//mosquitto.db.
1694490076: Saving in-memory database to /mosquitto/data//mosquitto.db.
1694491877: Saving in-memory database to /mosquitto/data//mosquitto.db.
1694493678: Saving in-memory database to /mosquitto/data//mosquitto.db.
1694495479: Saving in-memory database to /mosquitto/data//mosquitto.db.
1694497280: Saving in-memory database to /mosquitto/data//mosquitto.db.
1694499081: Saving in-memory database to /mosquitto/data//mosquitto.db.
1694500882: Saving in-memory database to /mosquitto/data//mosquitto.db.
1694502683: Saving in-memory database to /mosquitto/data//mosquitto.db.
1694504484: Saving in-memory database to /mosquitto/data//mosquitto.db.
1694506285: Saving in-memory database to /mosquitto/data//mosquitto.db.
1694508086: Saving in-memory database to /mosquitto/data//mosquitto.db.
1694509887: Saving in-memory database to /mosquitto/data//mosquitto.db.
1694511688: Saving in-memory database to /mosquitto/data//mosquitto.db.
1694513489: Saving in-memory database to /mosquitto/data//mosquitto.db.
1694515290: Saving in-memory database to /mosquitto/data//mosquitto.db.
1694517091: Saving in-memory database to /mosquitto/data//mosquitto.db.
1694518892: Saving in-memory database to /mosquitto/data//mosquitto.db.
1694520693: Saving in-memory database to /mosquitto/data//mosquitto.db.
1694522494: Saving in-memory database to /mosquitto/data//mosquitto.db.
1694524295: Saving in-memory database to /mosquitto/data//mosquitto.db.
1694526096: Saving in-memory database to /mosquitto/data//mosquitto.db.
1694527897: Saving in-memory database to /mosquitto/data//mosquitto.db.
1694529698: Saving in-memory database to /mosquitto/data//mosquitto.db.
1694531499: Saving in-memory database to /mosquitto/data//mosquitto.db.
1694533300: Saving in-memory database to /mosquitto/data//mosquitto.db.
1694535101: Saving in-memory database to /mosquitto/data//mosquitto.db.
1694536902: Saving in-memory database to /mosquitto/data//mosquitto.db.
1694538703: Saving in-memory database to /mosquitto/data//mosquitto.db.
1694540504: Saving in-memory database to /mosquitto/data//mosquitto.db.
1694542305: Saving in-memory database to /mosquitto/data//mosquitto.db.
1694544106: Saving in-memory database to /mosquitto/data//mosquitto.db.
1694545907: Saving in-memory database to /mosquitto/data//mosquitto.db.
1694547708: Saving in-memory database to /mosquitto/data//mosquitto.db.
1694549509: Saving in-memory database to /mosquitto/data//mosquitto.db.
1694551310: Saving in-memory database to /mosquitto/data//mosquitto.db.
1694553111: Saving in-memory database to /mosquitto/data//mosquitto.db.
1694554912: Saving in-memory database to /mosquitto/data//mosquitto.db.
1694556713: Saving in-memory database to /mosquitto/data//mosquitto.db.
1694558514: Saving in-memory database to /mosquitto/data//mosquitto.db.
1694560315: Saving in-memory database to /mosquitto/data//mosquitto.db.
1694562116: Saving in-memory database to /mosquitto/data//mosquitto.db.
1694563917: Saving in-memory database to /mosquitto/data//mosquitto.db.
1694565718: Saving in-memory database to /mosquitto/data//mosquitto.db.
1694567519: Saving in-memory database to /mosquitto/data//mosquitto.db.
1694569320: Saving in-memory database to /mosquitto/data//mosquitto.db.
1694571121: Saving in-memory database to /mosquitto/data//mosquitto.db.
1694572922: Saving in-memory database to /mosquitto/data//mosquitto.db.
1694574723: Saving in-memory database to /mosquitto/data//mosquitto.db.
1694576524: Saving in-memory database to /mosquitto/data//mosquitto.db.
1694578325: Saving in-memory database to /mosquitto/data//mosquitto.db.
1694580126: Saving in-memory database to /mosquitto/data//mosquitto.db.
1694581927: Saving in-memory database to /mosquitto/data//mosquitto.db.
1694583728: Saving in-memory database to /mosquitto/data//mosquitto.db.
1694585529: Saving in-memory database to /mosquitto/data//mosquitto.db.
1694587330: Saving in-memory database to /mosquitto/data//mosquitto.db.
1694589131: Saving in-memory database to /mosquitto/data//mosquitto.db.
1694590932: Saving in-memory database to /mosquitto/data//mosquitto.db.
1694592733: Saving in-memory database to /mosquitto/data//mosquitto.db.
1694594534: Saving in-memory database to /mosquitto/data//mosquitto.db.
1694596335: Saving in-memory database to /mosquitto/data//mosquitto.db.
1694598136: Saving in-memory database to /mosquitto/data//mosquitto.db.
1694599937: Saving in-memory database to /mosquitto/data//mosquitto.db.
1694601738: Saving in-memory database to /mosquitto/data//mosquitto.db.
1694603539: Saving in-memory database to /mosquitto/data//mosquitto.db.
1694605340: Saving in-memory database to /mosquitto/data//mosquitto.db.
1694607141: Saving in-memory database to /mosquitto/data//mosquitto.db.
1694608942: Saving in-memory database to /mosquitto/data//mosquitto.db.
1694610743: Saving in-memory database to /mosquitto/data//mosquitto.db.
1694612544: Saving in-memory database to /mosquitto/data//mosquitto.db.
1694614345: Saving in-memory database to /mosquitto/data//mosquitto.db.
1694616146: Saving in-memory database to /mosquitto/data//mosquitto.db.
1694617947: Saving in-memory database to /mosquitto/data//mosquitto.db.
1694619748: Saving in-memory database to /mosquitto/data//mosquitto.db.
1694621549: Saving in-memory database to /mosquitto/data//mosquitto.db.
1694623350: Saving in-memory database to /mosquitto/data//mosquitto.db.
1694625151: Saving in-memory database to /mosquitto/data//mosquitto.db.
1694626952: Saving in-memory database to /mosquitto/data//mosquitto.db.
1694628753: Saving in-memory database to /mosquitto/data//mosquitto.db.
1694630554: Saving in-memory database to /mosquitto/data//mosquitto.db.
1694632355: Saving in-memory database to /mosquitto/data//mosquitto.db.
1694634156: Saving in-memory database to /mosquitto/data//mosquitto.db.
1694635957: Saving in-memory database to /mosquitto/data//mosquitto.db.
1694637758: Saving in-memory database to /mosquitto/data//mosquitto.db.
1694639559: Saving in-memory database to /mosquitto/data//mosquitto.db.
1694641360: Saving in-memory database to /mosquitto/data//mosquitto.db.
1694643161: Saving in-memory database to /mosquitto/data//mosquitto.db.
1694644962: Saving in-memory database to /mosquitto/data//mosquitto.db.
1694646763: Saving in-memory database to /mosquitto/data//mosquitto.db.
1694648564: Saving in-memory database to /mosquitto/data//mosquitto.db.
1694650365: Saving in-memory database to /mosquitto/data//mosquitto.db.
1694652166: Saving in-memory database to /mosquitto/data//mosquitto.db.
1694653967: Saving in-memory database to /mosquitto/data//mosquitto.db.
1694655768: Saving in-memory database to /mosquitto/data//mosquitto.db.
1694657569: Saving in-memory database to /mosquitto/data//mosquitto.db.
1694659370: Saving in-memory database to /mosquitto/data//mosquitto.db.
1694661171: Saving in-memory database to /mosquitto/data//mosquitto.db.
1694662972: Saving in-memory database to /mosquitto/data//mosquitto.db.
1694664773: Saving in-memory database to /mosquitto/data//mosquitto.db.
1694666574: Saving in-memory database to /mosquitto/data//mosquitto.db.
1694668375: Saving in-memory database to /mosquitto/data//mosquitto.db.
1694670176: Saving in-memory database to /mosquitto/data//mosquitto.db.
1694671977: Saving in-memory database to /mosquitto/data//mosquitto.db.
1694673778: Saving in-memory database to /mosquitto/data//mosquitto.db.
1694675579: Saving in-memory database to /mosquitto/data//mosquitto.db.
1694677380: Saving in-memory database to /mosquitto/data//mosquitto.db.
1694679181: Saving in-memory database to /mosquitto/data//mosquitto.db.
1694680982: Saving in-memory database to /mosquitto/data//mosquitto.db.
1694682783: Saving in-memory database to /mosquitto/data//mosquitto.db.
1694684584: Saving in-memory database to /mosquitto/data//mosquitto.db.
1694686385: Saving in-memory database to /mosquitto/data//mosquitto.db.
1694688186: Saving in-memory database to /mosquitto/data//mosquitto.db.
1694689987: Saving in-memory database to /mosquitto/data//mosquitto.db.
1694691788: Saving in-memory database to /mosquitto/data//mosquitto.db.
1694693589: Saving in-memory database to /mosquitto/data//mosquitto.db.
1694695390: Saving in-memory database to /mosquitto/data//mosquitto.db.
1694697191: Saving in-memory database to /mosquitto/data//mosquitto.db.
1694698992: Saving in-memory database to /mosquitto/data//mosquitto.db.
1694700793: Saving in-memory database to /mosquitto/data//mosquitto.db.
1694702594: Saving in-memory database to /mosquitto/data//mosquitto.db.
1694704395: Saving in-memory database to /mosquitto/data//mosquitto.db.
1694706196: Saving in-memory database to /mosquitto/data//mosquitto.db.
1694707997: Saving in-memory database to /mosquitto/data//mosquitto.db.
1694709798: Saving in-memory database to /mosquitto/data//mosquitto.db.
1694711599: Saving in-memory database to /mosquitto/data//mosquitto.db.
1694713400: Saving in-memory database to /mosquitto/data//mosquitto.db.
1694715201: Saving in-memory database to /mosquitto/data//mosquitto.db.
1694717002: Saving in-memory database to /mosquitto/data//mosquitto.db.
1694718803: Saving in-memory database to /mosquitto/data//mosquitto.db.
1694720604: Saving in-memory database to /mosquitto/data//mosquitto.db.
1694722405: Saving in-memory database to /mosquitto/data//mosquitto.db.
1694724206: Saving in-memory database to /mosquitto/data//mosquitto.db.
1694726007: Saving in-memory database to /mosquitto/data//mosquitto.db.
1694727808: Saving in-memory database to /mosquitto/data//mosquitto.db.
1694729609: Saving in-memory database to /mosquitto/data//mosquitto.db.
1694731410: Saving in-memory database to /mosquitto/data//mosquitto.db.
1694733211: Saving in-memory database to /mosquitto/data//mosquitto.db.
1694735012: Saving in-memory database to /mosquitto/data//mosquitto.db.
1694736813: Saving in-memory database to /mosquitto/data//mosquitto.db.
1694738614: Saving in-memory database to /mosquitto/data//mosquitto.db.
1694740415: Saving in-memory database to /mosquitto/data//mosquitto.db.
1694742216: Saving in-memory database to /mosquitto/data//mosquitto.db.
1694744017: Saving in-memory database to /mosquitto/data//mosquitto.db.
1694745818: Saving in-memory database to /mosquitto/data//mosquitto.db.
1694747619: Saving in-memory database to /mosquitto/data//mosquitto.db.
1694749420: Saving in-memory database to /mosquitto/data//mosquitto.db.
1694751221: Saving in-memory database to /mosquitto/data//mosquitto.db.
1694753022: Saving in-memory database to /mosquitto/data//mosquitto.db.
1694754823: Saving in-memory database to /mosquitto/data//mosquitto.db.
1694756624: Saving in-memory database to /mosquitto/data//mosquitto.db.
1694758425: Saving in-memory database to /mosquitto/data//mosquitto.db.
1694760226: Saving in-memory database to /mosquitto/data//mosquitto.db.
1694762027: Saving in-memory database to /mosquitto/data//mosquitto.db.
1694763828: Saving in-memory database to /mosquitto/data//mosquitto.db.
1694765629: Saving in-memory database to /mosquitto/data//mosquitto.db.
1694767430: Saving in-memory database to /mosquitto/data//mosquitto.db.
1694769231: Saving in-memory database to /mosquitto/data//mosquitto.db.
1694771032: Saving in-memory database to /mosquitto/data//mosquitto.db.
1694772833: Saving in-memory database to /mosquitto/data//mosquitto.db.
1694774634: Saving in-memory database to /mosquitto/data//mosquitto.db.
1694776435: Saving in-memory database to /mosquitto/data//mosquitto.db.
1694778236: Saving in-memory database to /mosquitto/data//mosquitto.db.
1694780037: Saving in-memory database to /mosquitto/data//mosquitto.db.
1694781838: Saving in-memory database to /mosquitto/data//mosquitto.db.
1694783639: Saving in-memory database to /mosquitto/data//mosquitto.db.
1694785440: Saving in-memory database to /mosquitto/data//mosquitto.db.
1694787241: Saving in-memory database to /mosquitto/data//mosquitto.db.
1694789042: Saving in-memory database to /mosquitto/data//mosquitto.db.
1694790843: Saving in-memory database to /mosquitto/data//mosquitto.db.
1694792644: Saving in-memory database to /mosquitto/data//mosquitto.db.
1694794445: Saving in-memory database to /mosquitto/data//mosquitto.db.
1694796246: Saving in-memory database to /mosquitto/data//mosquitto.db.
1694798047: Saving in-memory database to /mosquitto/data//mosquitto.db.
1694799848: Saving in-memory database to /mosquitto/data//mosquitto.db.
1694801649: Saving in-memory database to /mosquitto/data//mosquitto.db.
1694803450: Saving in-memory database to /mosquitto/data//mosquitto.db.
1694805251: Saving in-memory database to /mosquitto/data//mosquitto.db.
1694807052: Saving in-memory database to /mosquitto/data//mosquitto.db.
1694808853: Saving in-memory database to /mosquitto/data//mosquitto.db.
1694810654: Saving in-memory database to /mosquitto/data//mosquitto.db.
1694812455: Saving in-memory database to /mosquitto/data//mosquitto.db.
1694814256: Saving in-memory database to /mosquitto/data//mosquitto.db.
1694816057: Saving in-memory database to /mosquitto/data//mosquitto.db.
1694817858: Saving in-memory database to /mosquitto/data//mosquitto.db.
1694819659: Saving in-memory database to /mosquitto/data//mosquitto.db.
1694821460: Saving in-memory database to /mosquitto/data//mosquitto.db.
1694823261: Saving in-memory database to /mosquitto/data//mosquitto.db.
1694825062: Saving in-memory database to /mosquitto/data//mosquitto.db.
1694826863: Saving in-memory database to /mosquitto/data//mosquitto.db.
1694828664: Saving in-memory database to /mosquitto/data//mosquitto.db.
1694830465: Saving in-memory database to /mosquitto/data//mosquitto.db.
1694832266: Saving in-memory database to /mosquitto/data//mosquitto.db.
1694834067: Saving in-memory database to /mosquitto/data//mosquitto.db.
1694835868: Saving in-memory database to /mosquitto/data//mosquitto.db.
1694837669: Saving in-memory database to /mosquitto/data//mosquitto.db.
1694839470: Saving in-memory database to /mosquitto/data//mosquitto.db.
1694841271: Saving in-memory database to /mosquitto/data//mosquitto.db.
1694843072: Saving in-memory database to /mosquitto/data//mosquitto.db.
1694844873: Saving in-memory database to /mosquitto/data//mosquitto.db.
1694846674: Saving in-memory database to /mosquitto/data//mosquitto.db.
1694848475: Saving in-memory database to /mosquitto/data//mosquitto.db.
1694850276: Saving in-memory database to /mosquitto/data//mosquitto.db.
1694852077: Saving in-memory database to /mosquitto/data//mosquitto.db.
1694853878: Saving in-memory database to /mosquitto/data//mosquitto.db.
1694855679: Saving in-memory database to /mosquitto/data//mosquitto.db.
1694857480: Saving in-memory database to /mosquitto/data//mosquitto.db.
1694859281: Saving in-memory database to /mosquitto/data//mosquitto.db.
1694861082: Saving in-memory database to /mosquitto/data//mosquitto.db.
1694862883: Saving in-memory database to /mosquitto/data//mosquitto.db.
1694864684: Saving in-memory database to /mosquitto/data//mosquitto.db.
1694866485: Saving in-memory database to /mosquitto/data//mosquitto.db.
1694868286: Saving in-memory database to /mosquitto/data//mosquitto.db.
1694870087: Saving in-memory database to /mosquitto/data//mosquitto.db.
1694871888: Saving in-memory database to /mosquitto/data//mosquitto.db.
1694873689: Saving in-memory database to /mosquitto/data//mosquitto.db.
1694875490: Saving in-memory database to /mosquitto/data//mosquitto.db.
1694877291: Saving in-memory database to /mosquitto/data//mosquitto.db.
1694879092: Saving in-memory database to /mosquitto/data//mosquitto.db.
1694880893: Saving in-memory database to /mosquitto/data//mosquitto.db.
1694882694: Saving in-memory database to /mosquitto/data//mosquitto.db.
1694884495: Saving in-memory database to /mosquitto/data//mosquitto.db.
1694886296: Saving in-memory database to /mosquitto/data//mosquitto.db.
1694888097: Saving in-memory database to /mosquitto/data//mosquitto.db.
1694889898: Saving in-memory database to /mosquitto/data//mosquitto.db.
1694891699: Saving in-memory database to /mosquitto/data//mosquitto.db.
1694893500: Saving in-memory database to /mosquitto/data//mosquitto.db.
1694895301: Saving in-memory database to /mosquitto/data//mosquitto.db.
1694897102: Saving in-memory database to /mosquitto/data//mosquitto.db.
1694898903: Saving in-memory database to /mosquitto/data//mosquitto.db.
1694900704: Saving in-memory database to /mosquitto/data//mosquitto.db.
1694902505: Saving in-memory database to /mosquitto/data//mosquitto.db.
1694904306: Saving in-memory database to /mosquitto/data//mosquitto.db.
1694906107: Saving in-memory database to /mosquitto/data//mosquitto.db.
1694907908: Saving in-memory database to /mosquitto/data//mosquitto.db.
1694909709: Saving in-memory database to /mosquitto/data//mosquitto.db.
1694911510: Saving in-memory database to /mosquitto/data//mosquitto.db.
1694913311: Saving in-memory database to /mosquitto/data//mosquitto.db.
1694915112: Saving in-memory database to /mosquitto/data//mosquitto.db.
1694916913: Saving in-memory database to /mosquitto/data//mosquitto.db.
1694918714: Saving in-memory database to /mosquitto/data//mosquitto.db.
1694920515: Saving in-memory database to /mosquitto/data//mosquitto.db.
1694922316: Saving in-memory database to /mosquitto/data//mosquitto.db.
1694924117: Saving in-memory database to /mosquitto/data//mosquitto.db.
1694925918: Saving in-memory database to /mosquitto/data//mosquitto.db.
1694927719: Saving in-memory database to /mosquitto/data//mosquitto.db.
1694929520: Saving in-memory database to /mosquitto/data//mosquitto.db.
1694931321: Saving in-memory database to /mosquitto/data//mosquitto.db.
1694933122: Saving in-memory database to /mosquitto/data//mosquitto.db.
1694934923: Saving in-memory database to /mosquitto/data//mosquitto.db.
1694936724: Saving in-memory database to /mosquitto/data//mosquitto.db.
1694938525: Saving in-memory database to /mosquitto/data//mosquitto.db.
1694940326: Saving in-memory database to /mosquitto/data//mosquitto.db.
1694942127: Saving in-memory database to /mosquitto/data//mosquitto.db.
1694943928: Saving in-memory database to /mosquitto/data//mosquitto.db.
1694945729: Saving in-memory database to /mosquitto/data//mosquitto.db.
1694947530: Saving in-memory database to /mosquitto/data//mosquitto.db.
1694949331: Saving in-memory database to /mosquitto/data//mosquitto.db.
1694951132: Saving in-memory database to /mosquitto/data//mosquitto.db.
1694952933: Saving in-memory database to /mosquitto/data//mosquitto.db.
1694954734: Saving in-memory database to /mosquitto/data//mosquitto.db.
1694956535: Saving in-memory database to /mosquitto/data//mosquitto.db.
1694958336: Saving in-memory database to /mosquitto/data//mosquitto.db.
1694960137: Saving in-memory database to /mosquitto/data//mosquitto.db.
1694961938: Saving in-memory database to /mosquitto/data//mosquitto.db.
1694963739: Saving in-memory database to /mosquitto/data//mosquitto.db.
1694965540: Saving in-memory database to /mosquitto/data//mosquitto.db.
1694967341: Saving in-memory database to /mosquitto/data//mosquitto.db.
1694969142: Saving in-memory database to /mosquitto/data//mosquitto.db.
1694970943: Saving in-memory database to /mosquitto/data//mosquitto.db.
1694972744: Saving in-memory database to /mosquitto/data//mosquitto.db.
1694974545: Saving in-memory database to /mosquitto/data//mosquitto.db.
1694976346: Saving in-memory database to /mosquitto/data//mosquitto.db.
1694978147: Saving in-memory database to /mosquitto/data//mosquitto.db.
1694979948: Saving in-memory database to /mosquitto/data//mosquitto.db.
1694981749: Saving in-memory database to /mosquitto/data//mosquitto.db.
1694983550: Saving in-memory database to /mosquitto/data//mosquitto.db.
1694985351: Saving in-memory database to /mosquitto/data//mosquitto.db.
1694987152: Saving in-memory database to /mosquitto/data//mosquitto.db.
1694988953: Saving in-memory database to /mosquitto/data//mosquitto.db.
1694990754: Saving in-memory database to /mosquitto/data//mosquitto.db.
1694992555: Saving in-memory database to /mosquitto/data//mosquitto.db.
1694994356: Saving in-memory database to /mosquitto/data//mosquitto.db.
1694996157: Saving in-memory database to /mosquitto/data//mosquitto.db.
1694997958: Saving in-memory database to /mosquitto/data//mosquitto.db.
1694999759: Saving in-memory database to /mosquitto/data//mosquitto.db.
1695001560: Saving in-memory database to /mosquitto/data//mosquitto.db.
1695003361: Saving in-memory database to /mosquitto/data//mosquitto.db.
1695005162: Saving in-memory database to /mosquitto/data//mosquitto.db.
1695006963: Saving in-memory database to /mosquitto/data//mosquitto.db.
1695008764: Saving in-memory database to /mosquitto/data//mosquitto.db.
1695010565: Saving in-memory database to /mosquitto/data//mosquitto.db.
1695012366: Saving in-memory database to /mosquitto/data//mosquitto.db.
1695014167: Saving in-memory database to /mosquitto/data//mosquitto.db.
1695015968: Saving in-memory database to /mosquitto/data//mosquitto.db.
1695017769: Saving in-memory database to /mosquitto/data//mosquitto.db.
1695019570: Saving in-memory database to /mosquitto/data//mosquitto.db.
1695021371: Saving in-memory database to /mosquitto/data//mosquitto.db.
1695023172: Saving in-memory database to /mosquitto/data//mosquitto.db.
1695024973: Saving in-memory database to /mosquitto/data//mosquitto.db.
1695026774: Saving in-memory database to /mosquitto/data//mosquitto.db.
1695028575: Saving in-memory database to /mosquitto/data//mosquitto.db.
1695030376: Saving in-memory database to /mosquitto/data//mosquitto.db.
1695032177: Saving in-memory database to /mosquitto/data//mosquitto.db.
1695033978: Saving in-memory database to /mosquitto/data//mosquitto.db.
1695035779: Saving in-memory database to /mosquitto/data//mosquitto.db.
1695037580: Saving in-memory database to /mosquitto/data//mosquitto.db.
1695039381: Saving in-memory database to /mosquitto/data//mosquitto.db.
1695041182: Saving in-memory database to /mosquitto/data//mosquitto.db.
1695042983: Saving in-memory database to /mosquitto/data//mosquitto.db.
1695044784: Saving in-memory database to /mosquitto/data//mosquitto.db.
1695046585: Saving in-memory database to /mosquitto/data//mosquitto.db.
1695048386: Saving in-memory database to /mosquitto/data//mosquitto.db.
1695050187: Saving in-memory database to /mosquitto/data//mosquitto.db.
1695051988: Saving in-memory database to /mosquitto/data//mosquitto.db.
1695053789: Saving in-memory database to /mosquitto/data//mosquitto.db.
1695055590: Saving in-memory database to /mosquitto/data//mosquitto.db.
1695057391: Saving in-memory database to /mosquitto/data//mosquitto.db.
1695059192: Saving in-memory database to /mosquitto/data//mosquitto.db.
1695060993: Saving in-memory database to /mosquitto/data//mosquitto.db.
1695062794: Saving in-memory database to /mosquitto/data//mosquitto.db.
1695064595: Saving in-memory database to /mosquitto/data//mosquitto.db.
1695066396: Saving in-memory database to /mosquitto/data//mosquitto.db.
1695068197: Saving in-memory database to /mosquitto/data//mosquitto.db.
1695069998: Saving in-memory database to /mosquitto/data//mosquitto.db.
1695071799: Saving in-memory database to /mosquitto/data//mosquitto.db.
1695073600: Saving in-memory database to /mosquitto/data//mosquitto.db.
1695075401: Saving in-memory database to /mosquitto/data//mosquitto.db.
1695077202: Saving in-memory database to /mosquitto/data//mosquitto.db.
1695079003: Saving in-memory database to /mosquitto/data//mosquitto.db.
1695080804: Saving in-memory database to /mosquitto/data//mosquitto.db.
1695082605: Saving in-memory database to /mosquitto/data//mosquitto.db.
1695084406: Saving in-memory database to /mosquitto/data//mosquitto.db.
1695086207: Saving in-memory database to /mosquitto/data//mosquitto.db.
1695088008: Saving in-memory database to /mosquitto/data//mosquitto.db.
1695089809: Saving in-memory database to /mosquitto/data//mosquitto.db.
1695091610: Saving in-memory database to /mosquitto/data//mosquitto.db.
1695093411: Saving in-memory database to /mosquitto/data//mosquitto.db.
1695095212: Saving in-memory database to /mosquitto/data//mosquitto.db.
1695097013: Saving in-memory database to /mosquitto/data//mosquitto.db.
1695098814: Saving in-memory database to /mosquitto/data//mosquitto.db.
1695100615: Saving in-memory database to /mosquitto/data//mosquitto.db.
1695102416: Saving in-memory database to /mosquitto/data//mosquitto.db.
1695104217: Saving in-memory database to /mosquitto/data//mosquitto.db.
1695106018: Saving in-memory database to /mosquitto/data//mosquitto.db.
1695107819: Saving in-memory database to /mosquitto/data//mosquitto.db.
1695109620: Saving in-memory database to /mosquitto/data//mosquitto.db.
1695111421: Saving in-memory database to /mosquitto/data//mosquitto.db.
1695113222: Saving in-memory database to /mosquitto/data//mosquitto.db.
1695115023: Saving in-memory database to /mosquitto/data//mosquitto.db.
1695116824: Saving in-memory database to /mosquitto/data//mosquitto.db.
1695118625: Saving in-memory database to /mosquitto/data//mosquitto.db.
1695120426: Saving in-memory database to /mosquitto/data//mosquitto.db.
1695122227: Saving in-memory database to /mosquitto/data//mosquitto.db.
1695124028: Saving in-memory database to /mosquitto/data//mosquitto.db.
1695125829: Saving in-memory database to /mosquitto/data//mosquitto.db.
1695127630: Saving in-memory database to /mosquitto/data//mosquitto.db.
1695129431: Saving in-memory database to /mosquitto/data//mosquitto.db.
1695131232: Saving in-memory database to /mosquitto/data//mosquitto.db.
1695133033: Saving in-memory database to /mosquitto/data//mosquitto.db.
1695134834: Saving in-memory database to /mosquitto/data//mosquitto.db.
1695136635: Saving in-memory database to /mosquitto/data//mosquitto.db.
1695138436: Saving in-memory database to /mosquitto/data//mosquitto.db.
1695140237: Saving in-memory database to /mosquitto/data//mosquitto.db.
1695142038: Saving in-memory database to /mosquitto/data//mosquitto.db.
1695143839: Saving in-memory database to /mosquitto/data//mosquitto.db.
1695145640: Saving in-memory database to /mosquitto/data//mosquitto.db.
1695147441: Saving in-memory database to /mosquitto/data//mosquitto.db.
1695149242: Saving in-memory database to /mosquitto/data//mosquitto.db.
1695151043: Saving in-memory database to /mosquitto/data//mosquitto.db.
1695152844: Saving in-memory database to /mosquitto/data//mosquitto.db.
1695154645: Saving in-memory database to /mosquitto/data//mosquitto.db.
1695156446: Saving in-memory database to /mosquitto/data//mosquitto.db.
1695158247: Saving in-memory database to /mosquitto/data//mosquitto.db.
1695160048: Saving in-memory database to /mosquitto/data//mosquitto.db.
1695161849: Saving in-memory database to /mosquitto/data//mosquitto.db.
1695163650: Saving in-memory database to /mosquitto/data//mosquitto.db.
1695165451: Saving in-memory database to /mosquitto/data//mosquitto.db.
1695167252: Saving in-memory database to /mosquitto/data//mosquitto.db.
1695169053: Saving in-memory database to /mosquitto/data//mosquitto.db.
1695170854: Saving in-memory database to /mosquitto/data//mosquitto.db.
1695172655: Saving in-memory database to /mosquitto/data//mosquitto.db.
1695174456: Saving in-memory database to /mosquitto/data//mosquitto.db.
1695176257: Saving in-memory database to /mosquitto/data//mosquitto.db.
1695178058: Saving in-memory database to /mosquitto/data//mosquitto.db.
1695179859: Saving in-memory database to /mosquitto/data//mosquitto.db.
1695181660: Saving in-memory database to /mosquitto/data//mosquitto.db.
1695183461: Saving in-memory database to /mosquitto/data//mosquitto.db.
1695185262: Saving in-memory database to /mosquitto/data//mosquitto.db.
1695187063: Saving in-memory database to /mosquitto/data//mosquitto.db.
1695188864: Saving in-memory database to /mosquitto/data//mosquitto.db.
1695190665: Saving in-memory database to /mosquitto/data//mosquitto.db.
1695192466: Saving in-memory database to /mosquitto/data//mosquitto.db.
1695194267: Saving in-memory database to /mosquitto/data//mosquitto.db.
1695196068: Saving in-memory database to /mosquitto/data//mosquitto.db.
1695197869: Saving in-memory database to /mosquitto/data//mosquitto.db.
1695199670: Saving in-memory database to /mosquitto/data//mosquitto.db.
1695201471: Saving in-memory database to /mosquitto/data//mosquitto.db.
1695203272: Saving in-memory database to /mosquitto/data//mosquitto.db.
1695205073: Saving in-memory database to /mosquitto/data//mosquitto.db.
1695206874: Saving in-memory database to /mosquitto/data//mosquitto.db.
1695208675: Saving in-memory database to /mosquitto/data//mosquitto.db.
1695210476: Saving in-memory database to /mosquitto/data//mosquitto.db.
1695212277: Saving in-memory database to /mosquitto/data//mosquitto.db.
1695214078: Saving in-memory database to /mosquitto/data//mosquitto.db.
1695215879: Saving in-memory database to /mosquitto/data//mosquitto.db.
1695217680: Saving in-memory database to /mosquitto/data//mosquitto.db.
1695219481: Saving in-memory database to /mosquitto/data//mosquitto.db.
1695221282: Saving in-memory database to /mosquitto/data//mosquitto.db.
1695223083: Saving in-memory database to /mosquitto/data//mosquitto.db.
1695224884: Saving in-memory database to /mosquitto/data//mosquitto.db.
1695226685: Saving in-memory database to /mosquitto/data//mosquitto.db.
1695228486: Saving in-memory database to /mosquitto/data//mosquitto.db.
1695230287: Saving in-memory database to /mosquitto/data//mosquitto.db.
1695232088: Saving in-memory database to /mosquitto/data//mosquitto.db.
1695233889: Saving in-memory database to /mosquitto/data//mosquitto.db.
1695235690: Saving in-memory database to /mosquitto/data//mosquitto.db.
1695237491: Saving in-memory database to /mosquitto/data//mosquitto.db.
1695239292: Saving in-memory database to /mosquitto/data//mosquitto.db.
1695241093: Saving in-memory database to /mosquitto/data//mosquitto.db.
1695242894: Saving in-memory database to /mosquitto/data//mosquitto.db.
1695244695: Saving in-memory database to /mosquitto/data//mosquitto.db.
1695246496: Saving in-memory database to /mosquitto/data//mosquitto.db.
1695248297: Saving in-memory database to /mosquitto/data//mosquitto.db.
1695250098: Saving in-memory database to /mosquitto/data//mosquitto.db.
1695251899: Saving in-memory database to /mosquitto/data//mosquitto.db.
1695253700: Saving in-memory database to /mosquitto/data//mosquitto.db.
1695255501: Saving in-memory database to /mosquitto/data//mosquitto.db.
1695257302: Saving in-memory database to /mosquitto/data//mosquitto.db.
1695259103: Saving in-memory database to /mosquitto/data//mosquitto.db.
1695260904: Saving in-memory database to /mosquitto/data//mosquitto.db.
1695262705: Saving in-memory database to /mosquitto/data//mosquitto.db.
1695264506: Saving in-memory database to /mosquitto/data//mosquitto.db.
1695266307: Saving in-memory database to /mosquitto/data//mosquitto.db.
1695268108: Saving in-memory database to /mosquitto/data//mosquitto.db.
1695269909: Saving in-memory database to /mosquitto/data//mosquitto.db.
1695271710: Saving in-memory database to /mosquitto/data//mosquitto.db.
1695273511: Saving in-memory database to /mosquitto/data//mosquitto.db.
1695275312: Saving in-memory database to /mosquitto/data//mosquitto.db.
1695277113: Saving in-memory database to /mosquitto/data//mosquitto.db.
1695278914: Saving in-memory database to /mosquitto/data//mosquitto.db.
1695280715: Saving in-memory database to /mosquitto/data//mosquitto.db.
1695282516: Saving in-memory database to /mosquitto/data//mosquitto.db.
1695284317: Saving in-memory database to /mosquitto/data//mosquitto.db.
1695286118: Saving in-memory database to /mosquitto/data//mosquitto.db.
1695287919: Saving in-memory database to /mosquitto/data//mosquitto.db.
1695289720: Saving in-memory database to /mosquitto/data//mosquitto.db.
1695291521: Saving in-memory database to /mosquitto/data//mosquitto.db.
1695293322: Saving in-memory database to /mosquitto/data//mosquitto.db.
1695295123: Saving in-memory database to /mosquitto/data//mosquitto.db.
1695296924: Saving in-memory database to /mosquitto/data//mosquitto.db.
1695298725: Saving in-memory database to /mosquitto/data//mosquitto.db.
1695300526: Saving in-memory database to /mosquitto/data//mosquitto.db.
1695302327: Saving in-memory database to /mosquitto/data//mosquitto.db.
1695304128: Saving in-memory database to /mosquitto/data//mosquitto.db.
1695305929: Saving in-memory database to /mosquitto/data//mosquitto.db.
1695307730: Saving in-memory database to /mosquitto/data//mosquitto.db.
1695309531: Saving in-memory database to /mosquitto/data//mosquitto.db.
1695311332: Saving in-memory database to /mosquitto/data//mosquitto.db.
1695313133: Saving in-memory database to /mosquitto/data//mosquitto.db.
1695314934: Saving in-memory database to /mosquitto/data//mosquitto.db.
1695316735: Saving in-memory database to /mosquitto/data//mosquitto.db.
1695318536: Saving in-memory database to /mosquitto/data//mosquitto.db.
1695320337: Saving in-memory database to /mosquitto/data//mosquitto.db.
1695322138: Saving in-memory database to /mosquitto/data//mosquitto.db.
1695323939: Saving in-memory database to /mosquitto/data//mosquitto.db.
1695325740: Saving in-memory database to /mosquitto/data//mosquitto.db.
1695327541: Saving in-memory database to /mosquitto/data//mosquitto.db.
1695329342: Saving in-memory database to /mosquitto/data//mosquitto.db.
1695331143: Saving in-memory database to /mosquitto/data//mosquitto.db.
1695332944: Saving in-memory database to /mosquitto/data//mosquitto.db.
1695334745: Saving in-memory database to /mosquitto/data//mosquitto.db.
1695336546: Saving in-memory database to /mosquitto/data//mosquitto.db.
1695338347: Saving in-memory database to /mosquitto/data//mosquitto.db.
1695340148: Saving in-memory database to /mosquitto/data//mosquitto.db.
1695341949: Saving in-memory database to /mosquitto/data//mosquitto.db.
1695343750: Saving in-memory database to /mosquitto/data//mosquitto.db.
1695345551: Saving in-memory database to /mosquitto/data//mosquitto.db.
1695347352: Saving in-memory database to /mosquitto/data//mosquitto.db.
1695349153: Saving in-memory database to /mosquitto/data//mosquitto.db.
1695350954: Saving in-memory database to /mosquitto/data//mosquitto.db.
1695352755: Saving in-memory database to /mosquitto/data//mosquitto.db.
1695354556: Saving in-memory database to /mosquitto/data//mosquitto.db.
1695356357: Saving in-memory database to /mosquitto/data//mosquitto.db.
1695358158: Saving in-memory database to /mosquitto/data//mosquitto.db.
1695359959: Saving in-memory database to /mosquitto/data//mosquitto.db.
1695361760: Saving in-memory database to /mosquitto/data//mosquitto.db.
1695363561: Saving in-memory database to /mosquitto/data//mosquitto.db.
1695365362: Saving in-memory database to /mosquitto/data//mosquitto.db.
1695367163: Saving in-memory database to /mosquitto/data//mosquitto.db.
1695368964: Saving in-memory database to /mosquitto/data//mosquitto.db.
1695370765: Saving in-memory database to /mosquitto/data//mosquitto.db.
1695372566: Saving in-memory database to /mosquitto/data//mosquitto.db.
1695374367: Saving in-memory database to /mosquitto/data//mosquitto.db.
1695376168: Saving in-memory database to /mosquitto/data//mosquitto.db.
1695377969: Saving in-memory database to /mosquitto/data//mosquitto.db.
1695379770: Saving in-memory database to /mosquitto/data//mosquitto.db.
1695381571: Saving in-memory database to /mosquitto/data//mosquitto.db.
1695383372: Saving in-memory database to /mosquitto/data//mosquitto.db.
1695385173: Saving in-memory database to /mosquitto/data//mosquitto.db.
1695386974: Saving in-memory database to /mosquitto/data//mosquitto.db.
1695388775: Saving in-memory database to /mosquitto/data//mosquitto.db.
1695390576: Saving in-memory database to /mosquitto/data//mosquitto.db.
1695392377: Saving in-memory database to /mosquitto/data//mosquitto.db.
1695394178: Saving in-memory database to /mosquitto/data//mosquitto.db.
1695395979: Saving in-memory database to /mosquitto/data//mosquitto.db.
1695397780: Saving in-memory database to /mosquitto/data//mosquitto.db.
1695399581: Saving in-memory database to /mosquitto/data//mosquitto.db.
1695401382: Saving in-memory database to /mosquitto/data//mosquitto.db.
1695403183: Saving in-memory database to /mosquitto/data//mosquitto.db.
1695404984: Saving in-memory database to /mosquitto/data//mosquitto.db.
1695406785: Saving in-memory database to /mosquitto/data//mosquitto.db.
1695408586: Saving in-memory database to /mosquitto/data//mosquitto.db.
1695410387: Saving in-memory database to /mosquitto/data//mosquitto.db.
1695412188: Saving in-memory database to /mosquitto/data//mosquitto.db.
1695413989: Saving in-memory database to /mosquitto/data//mosquitto.db.
1695415790: Saving in-memory database to /mosquitto/data//mosquitto.db.
1695417591: Saving in-memory database to /mosquitto/data//mosquitto.db.
1695419392: Saving in-memory database to /mosquitto/data//mosquitto.db.
1695421193: Saving in-memory database to /mosquitto/data//mosquitto.db.
1695422994: Saving in-memory database to /mosquitto/data//mosquitto.db.
1695424795: Saving in-memory database to /mosquitto/data//mosquitto.db.
1695426596: Saving in-memory database to /mosquitto/data//mosquitto.db.
1695428397: Saving in-memory database to /mosquitto/data//mosquitto.db.
1695430198: Saving in-memory database to /mosquitto/data//mosquitto.db.
1695431999: Saving in-memory database to /mosquitto/data//mosquitto.db.
1695433800: Saving in-memory database to /mosquitto/data//mosquitto.db.
1695435601: Saving in-memory database to /mosquitto/data//mosquitto.db.
1695437402: Saving in-memory database to /mosquitto/data//mosquitto.db.
1695439203: Saving in-memory database to /mosquitto/data//mosquitto.db.
1695441004: Saving in-memory database to /mosquitto/data//mosquitto.db.
1695442805: Saving in-memory database to /mosquitto/data//mosquitto.db.
1695444606: Saving in-memory database to /mosquitto/data//mosquitto.db.
1695446407: Saving in-memory database to /mosquitto/data//mosquitto.db.
1695448208: Saving in-memory database to /mosquitto/data//mosquitto.db.
1695450009: Saving in-memory database to /mosquitto/data//mosquitto.db.
1695451810: Saving in-memory database to /mosquitto/data//mosquitto.db.
1695453611: Saving in-memory database to /mosquitto/data//mosquitto.db.
1695455412: Saving in-memory database to /mosquitto/data//mosquitto.db.
1695457213: Saving in-memory database to /mosquitto/data//mosquitto.db.
1695459014: Saving in-memory database to /mosquitto/data//mosquitto.db.
1695460815: Saving in-memory database to /mosquitto/data//mosquitto.db.
1695462616: Saving in-memory database to /mosquitto/data//mosquitto.db.
1695464417: Saving in-memory database to /mosquitto/data//mosquitto.db.
1695466218: Saving in-memory database to /mosquitto/data//mosquitto.db.
1695468019: Saving in-memory database to /mosquitto/data//mosquitto.db.
1695469820: Saving in-memory database to /mosquitto/data//mosquitto.db.
1695471621: Saving in-memory database to /mosquitto/data//mosquitto.db.
1695473422: Saving in-memory database to /mosquitto/data//mosquitto.db.
1695475223: Saving in-memory database to /mosquitto/data//mosquitto.db.
1695477024: Saving in-memory database to /mosquitto/data//mosquitto.db.
1695478825: Saving in-memory database to /mosquitto/data//mosquitto.db.
1695480626: Saving in-memory database to /mosquitto/data//mosquitto.db.
1695482427: Saving in-memory database to /mosquitto/data//mosquitto.db.
1695484228: Saving in-memory database to /mosquitto/data//mosquitto.db.
1695486029: Saving in-memory database to /mosquitto/data//mosquitto.db.
1695487830: Saving in-memory database to /mosquitto/data//mosquitto.db.
1695489631: Saving in-memory database to /mosquitto/data//mosquitto.db.
1695491432: Saving in-memory database to /mosquitto/data//mosquitto.db.
1695493233: Saving in-memory database to /mosquitto/data//mosquitto.db.
1695495034: Saving in-memory database to /mosquitto/data//mosquitto.db.
1695496835: Saving in-memory database to /mosquitto/data//mosquitto.db.
1695498636: Saving in-memory database to /mosquitto/data//mosquitto.db.
1695500437: Saving in-memory database to /mosquitto/data//mosquitto.db.
1695502238: Saving in-memory database to /mosquitto/data//mosquitto.db.
1695504039: Saving in-memory database to /mosquitto/data//mosquitto.db.
1695505840: Saving in-memory database to /mosquitto/data//mosquitto.db.
1695507641: Saving in-memory database to /mosquitto/data//mosquitto.db.
1695509442: Saving in-memory database to /mosquitto/data//mosquitto.db.
1695511243: Saving in-memory database to /mosquitto/data//mosquitto.db.
1695513044: Saving in-memory database to /mosquitto/data//mosquitto.db.
1695514845: Saving in-memory database to /mosquitto/data//mosquitto.db.
1695516646: Saving in-memory database to /mosquitto/data//mosquitto.db.
1695518447: Saving in-memory database to /mosquitto/data//mosquitto.db.
1695520248: Saving in-memory database to /mosquitto/data//mosquitto.db.
1695522049: Saving in-memory database to /mosquitto/data//mosquitto.db.
1695523850: Saving in-memory database to /mosquitto/data//mosquitto.db.
1695525651: Saving in-memory database to /mosquitto/data//mosquitto.db.
1695527452: Saving in-memory database to /mosquitto/data//mosquitto.db.
1695529253: Saving in-memory database to /mosquitto/data//mosquitto.db.
1695531054: Saving in-memory database to /mosquitto/data//mosquitto.db.
1695532855: Saving in-memory database to /mosquitto/data//mosquitto.db.
1695534656: Saving in-memory database to /mosquitto/data//mosquitto.db.
1695536457: Saving in-memory database to /mosquitto/data//mosquitto.db.
1695538258: Saving in-memory database to /mosquitto/data//mosquitto.db.
1695540059: Saving in-memory database to /mosquitto/data//mosquitto.db.
1695541860: Saving in-memory database to /mosquitto/data//mosquitto.db.
1695543661: Saving in-memory database to /mosquitto/data//mosquitto.db.
1695545462: Saving in-memory database to /mosquitto/data//mosquitto.db.
1695547263: Saving in-memory database to /mosquitto/data//mosquitto.db.
1695549064: Saving in-memory database to /mosquitto/data//mosquitto.db.
1695550865: Saving in-memory database to /mosquitto/data//mosquitto.db.
1695552666: Saving in-memory database to /mosquitto/data//mosquitto.db.
1695554467: Saving in-memory database to /mosquitto/data//mosquitto.db.
1695556268: Saving in-memory database to /mosquitto/data//mosquitto.db.
1695558069: Saving in-memory database to /mosquitto/data//mosquitto.db.
1695559870: Saving in-memory database to /mosquitto/data//mosquitto.db.
1695561671: Saving in-memory database to /mosquitto/data//mosquitto.db.
1695563472: Saving in-memory database to /mosquitto/data//mosquitto.db.
1695565273: Saving in-memory database to /mosquitto/data//mosquitto.db.
1695567074: Saving in-memory database to /mosquitto/data//mosquitto.db.
1695568875: Saving in-memory database to /mosquitto/data//mosquitto.db.
1695570676: Saving in-memory database to /mosquitto/data//mosquitto.db.
1695572477: Saving in-memory database to /mosquitto/data//mosquitto.db.
1695574278: Saving in-memory database to /mosquitto/data//mosquitto.db.
1695576079: Saving in-memory database to /mosquitto/data//mosquitto.db.
1695577880: Saving in-memory database to /mosquitto/data//mosquitto.db.
1695579681: Saving in-memory database to /mosquitto/data//mosquitto.db.
1695581482: Saving in-memory database to /mosquitto/data//mosquitto.db.
1695583283: Saving in-memory database to /mosquitto/data//mosquitto.db.
1695585084: Saving in-memory database to /mosquitto/data//mosquitto.db.
1695586885: Saving in-memory database to /mosquitto/data//mosquitto.db.
1695588686: Saving in-memory database to /mosquitto/data//mosquitto.db.
1695590487: Saving in-memory database to /mosquitto/data//mosquitto.db.
1695592288: Saving in-memory database to /mosquitto/data//mosquitto.db.
1695594089: Saving in-memory database to /mosquitto/data//mosquitto.db.
1695595890: Saving in-memory database to /mosquitto/data//mosquitto.db.
1695597691: Saving in-memory database to /mosquitto/data//mosquitto.db.
1695599492: Saving in-memory database to /mosquitto/data//mosquitto.db.
1695601293: Saving in-memory database to /mosquitto/data//mosquitto.db.
1695603094: Saving in-memory database to /mosquitto/data//mosquitto.db.
1695604895: Saving in-memory database to /mosquitto/data//mosquitto.db.
1695606696: Saving in-memory database to /mosquitto/data//mosquitto.db.
1695608497: Saving in-memory database to /mosquitto/data//mosquitto.db.
1695610298: Saving in-memory database to /mosquitto/data//mosquitto.db.
1695612099: Saving in-memory database to /mosquitto/data//mosquitto.db.
1695613900: Saving in-memory database to /mosquitto/data//mosquitto.db.
1695615701: Saving in-memory database to /mosquitto/data//mosquitto.db.
1695617502: Saving in-memory database to /mosquitto/data//mosquitto.db.
1695619303: Saving in-memory database to /mosquitto/data//mosquitto.db.
1695621104: Saving in-memory database to /mosquitto/data//mosquitto.db.
1695622905: Saving in-memory database to /mosquitto/data//mosquitto.db.
1695624706: Saving in-memory database to /mosquitto/data//mosquitto.db.
1695626507: Saving in-memory database to /mosquitto/data//mosquitto.db.
1695628308: Saving in-memory database to /mosquitto/data//mosquitto.db.
1695630109: Saving in-memory database to /mosquitto/data//mosquitto.db.
1695631910: Saving in-memory database to /mosquitto/data//mosquitto.db.
1695633711: Saving in-memory database to /mosquitto/data//mosquitto.db.
1695635512: Saving in-memory database to /mosquitto/data//mosquitto.db.
1695637313: Saving in-memory database to /mosquitto/data//mosquitto.db.
1695639114: Saving in-memory database to /mosquitto/data//mosquitto.db.
1695640915: Saving in-memory database to /mosquitto/data//mosquitto.db.
1695642716: Saving in-memory database to /mosquitto/data//mosquitto.db.
1695644517: Saving in-memory database to /mosquitto/data//mosquitto.db.
1695646318: Saving in-memory database to /mosquitto/data//mosquitto.db.
1695648119: Saving in-memory database to /mosquitto/data//mosquitto.db.
1695649920: Saving in-memory database to /mosquitto/data//mosquitto.db.
1695651721: Saving in-memory database to /mosquitto/data//mosquitto.db.
1695653522: Saving in-memory database to /mosquitto/data//mosquitto.db.
1695655323: Saving in-memory database to /mosquitto/data//mosquitto.db.
1695657124: Saving in-memory database to /mosquitto/data//mosquitto.db.
1695658925: Saving in-memory database to /mosquitto/data//mosquitto.db.
1695660726: Saving in-memory database to /mosquitto/data//mosquitto.db.
1695662527: Saving in-memory database to /mosquitto/data//mosquitto.db.
1695664328: Saving in-memory database to /mosquitto/data//mosquitto.db.
1695666129: Saving in-memory database to /mosquitto/data//mosquitto.db.
1695667930: Saving in-memory database to /mosquitto/data//mosquitto.db.
1695669731: Saving in-memory database to /mosquitto/data//mosquitto.db.
1695671532: Saving in-memory database to /mosquitto/data//mosquitto.db.
1695673333: Saving in-memory database to /mosquitto/data//mosquitto.db.
1695675134: Saving in-memory database to /mosquitto/data//mosquitto.db.
1695676935: Saving in-memory database to /mosquitto/data//mosquitto.db.
1695678736: Saving in-memory database to /mosquitto/data//mosquitto.db.
1695680537: Saving in-memory database to /mosquitto/data//mosquitto.db.
1695682338: Saving in-memory database to /mosquitto/data//mosquitto.db.
1695684139: Saving in-memory database to /mosquitto/data//mosquitto.db.
1695685940: Saving in-memory database to /mosquitto/data//mosquitto.db.
1695687741: Saving in-memory database to /mosquitto/data//mosquitto.db.
1695689542: Saving in-memory database to /mosquitto/data//mosquitto.db.
1695691343: Saving in-memory database to /mosquitto/data//mosquitto.db.
1695693144: Saving in-memory database to /mosquitto/data//mosquitto.db.
1695694945: Saving in-memory database to /mosquitto/data//mosquitto.db.
1695696746: Saving in-memory database to /mosquitto/data//mosquitto.db.
1695698547: Saving in-memory database to /mosquitto/data//mosquitto.db.
1695700348: Saving in-memory database to /mosquitto/data//mosquitto.db.
1695702149: Saving in-memory database to /mosquitto/data//mosquitto.db.
1695703950: Saving in-memory database to /mosquitto/data//mosquitto.db.
1695705751: Saving in-memory database to /mosquitto/data//mosquitto.db.
1695707552: Saving in-memory database to /mosquitto/data//mosquitto.db.
1695709353: Saving in-memory database to /mosquitto/data//mosquitto.db.
1695711154: Saving in-memory database to /mosquitto/data//mosquitto.db.
1695712955: Saving in-memory database to /mosquitto/data//mosquitto.db.
1695714756: Saving in-memory database to /mosquitto/data//mosquitto.db.
1695716557: Saving in-memory database to /mosquitto/data//mosquitto.db.
1695718358: Saving in-memory database to /mosquitto/data//mosquitto.db.
1695720159: Saving in-memory database to /mosquitto/data//mosquitto.db.
1695721960: Saving in-memory database to /mosquitto/data//mosquitto.db.
1695723761: Saving in-memory database to /mosquitto/data//mosquitto.db.
1695725562: Saving in-memory database to /mosquitto/data//mosquitto.db.
1695727363: Saving in-memory database to /mosquitto/data//mosquitto.db.
1695729164: Saving in-memory database to /mosquitto/data//mosquitto.db.
1695730965: Saving in-memory database to /mosquitto/data//mosquitto.db.
1695732766: Saving in-memory database to /mosquitto/data//mosquitto.db.
1695734567: Saving in-memory database to /mosquitto/data//mosquitto.db.
1695736368: Saving in-memory database to /mosquitto/data//mosquitto.db.
1695738169: Saving in-memory database to /mosquitto/data//mosquitto.db.
1695739970: Saving in-memory database to /mosquitto/data//mosquitto.db.
1695741771: Saving in-memory database to /mosquitto/data//mosquitto.db.
1695743572: Saving in-memory database to /mosquitto/data//mosquitto.db.
1695745373: Saving in-memory database to /mosquitto/data//mosquitto.db.
1695747174: Saving in-memory database to /mosquitto/data//mosquitto.db.
1695748975: Saving in-memory database to /mosquitto/data//mosquitto.db.
1695750776: Saving in-memory database to /mosquitto/data//mosquitto.db.
1695752577: Saving in-memory database to /mosquitto/data//mosquitto.db.
1695754378: Saving in-memory database to /mosquitto/data//mosquitto.db.
1695756179: Saving in-memory database to /mosquitto/data//mosquitto.db.
1695757980: Saving in-memory database to /mosquitto/data//mosquitto.db.
1695759781: Saving in-memory database to /mosquitto/data//mosquitto.db.
1695761582: Saving in-memory database to /mosquitto/data//mosquitto.db.
1695763383: Saving in-memory database to /mosquitto/data//mosquitto.db.
1695765184: Saving in-memory database to /mosquitto/data//mosquitto.db.
1695766985: Saving in-memory database to /mosquitto/data//mosquitto.db.
1695768786: Saving in-memory database to /mosquitto/data//mosquitto.db.
1695770587: Saving in-memory database to /mosquitto/data//mosquitto.db.
1695772388: Saving in-memory database to /mosquitto/data//mosquitto.db.
1695774189: Saving in-memory database to /mosquitto/data//mosquitto.db.
1695775990: Saving in-memory database to /mosquitto/data//mosquitto.db.
1695777791: Saving in-memory database to /mosquitto/data//mosquitto.db.
1695779592: Saving in-memory database to /mosquitto/data//mosquitto.db.
1695781393: Saving in-memory database to /mosquitto/data//mosquitto.db.
1695783194: Saving in-memory database to /mosquitto/data//mosquitto.db.
1695784995: Saving in-memory database to /mosquitto/data//mosquitto.db.
1695786796: Saving in-memory database to /mosquitto/data//mosquitto.db.
1695788597: Saving in-memory database to /mosquitto/data//mosquitto.db.
1695790398: Saving in-memory database to /mosquitto/data//mosquitto.db.
1695792199: Saving in-memory database to /mosquitto/data//mosquitto.db.
1695794000: Saving in-memory database to /mosquitto/data//mosquitto.db.
1695795801: Saving in-memory database to /mosquitto/data//mosquitto.db.
1695797602: Saving in-memory database to /mosquitto/data//mosquitto.db.
1695799403: Saving in-memory database to /mosquitto/data//mosquitto.db.
1695801204: Saving in-memory database to /mosquitto/data//mosquitto.db.
1695803005: Saving in-memory database to /mosquitto/data//mosquitto.db.
1695804806: Saving in-memory database to /mosquitto/data//mosquitto.db.
1695806607: Saving in-memory database to /mosquitto/data//mosquitto.db.
1695808408: Saving in-memory database to /mosquitto/data//mosquitto.db.
1695810209: Saving in-memory database to /mosquitto/data//mosquitto.db.
1695812010: Saving in-memory database to /mosquitto/data//mosquitto.db.
1695813811: Saving in-memory database to /mosquitto/data//mosquitto.db.
1695815612: Saving in-memory database to /mosquitto/data//mosquitto.db.
1695817413: Saving in-memory database to /mosquitto/data//mosquitto.db.
1695819214: Saving in-memory database to /mosquitto/data//mosquitto.db.
1695821015: Saving in-memory database to /mosquitto/data//mosquitto.db.
1695822816: Saving in-memory database to /mosquitto/data//mosquitto.db.
1695824617: Saving in-memory database to /mosquitto/data//mosquitto.db.
1695826418: Saving in-memory database to /mosquitto/data//mosquitto.db.
1695828219: Saving in-memory database to /mosquitto/data//mosquitto.db.
1695830020: Saving in-memory database to /mosquitto/data//mosquitto.db.
1695831821: Saving in-memory database to /mosquitto/data//mosquitto.db.
1695833622: Saving in-memory database to /mosquitto/data//mosquitto.db.
1695835423: Saving in-memory database to /mosquitto/data//mosquitto.db.
1695837224: Saving in-memory database to /mosquitto/data//mosquitto.db.
1695839025: Saving in-memory database to /mosquitto/data//mosquitto.db.
1695840826: Saving in-memory database to /mosquitto/data//mosquitto.db.
1695842627: Saving in-memory database to /mosquitto/data//mosquitto.db.
1695844428: Saving in-memory database to /mosquitto/data//mosquitto.db.
1695846229: Saving in-memory database to /mosquitto/data//mosquitto.db.
1695848030: Saving in-memory database to /mosquitto/data//mosquitto.db.
1695849831: Saving in-memory database to /mosquitto/data//mosquitto.db.
1695851632: Saving in-memory database to /mosquitto/data//mosquitto.db.
1695853433: Saving in-memory database to /mosquitto/data//mosquitto.db.
1695855234: Saving in-memory database to /mosquitto/data//mosquitto.db.
1695857035: Saving in-memory database to /mosquitto/data//mosquitto.db.
1695858836: Saving in-memory database to /mosquitto/data//mosquitto.db.
1695860637: Saving in-memory database to /mosquitto/data//mosquitto.db.
1695862438: Saving in-memory database to /mosquitto/data//mosquitto.db.
1695864239: Saving in-memory database to /mosquitto/data//mosquitto.db.
1695866040: Saving in-memory database to /mosquitto/data//mosquitto.db.
1695867841: Saving in-memory database to /mosquitto/data//mosquitto.db.
1695869642: Saving in-memory database to /mosquitto/data//mosquitto.db.
1695871443: Saving in-memory database to /mosquitto/data//mosquitto.db.
1695873244: Saving in-memory database to /mosquitto/data//mosquitto.db.
1695875045: Saving in-memory database to /mosquitto/data//mosquitto.db.
1695876846: Saving in-memory database to /mosquitto/data//mosquitto.db.
1695878647: Saving in-memory database to /mosquitto/data//mosquitto.db.
1695880448: Saving in-memory database to /mosquitto/data//mosquitto.db.
1695882249: Saving in-memory database to /mosquitto/data//mosquitto.db.
1695884050: Saving in-memory database to /mosquitto/data//mosquitto.db.
1695885851: Saving in-memory database to /mosquitto/data//mosquitto.db.
1695887652: Saving in-memory database to /mosquitto/data//mosquitto.db.
1695889453: Saving in-memory database to /mosquitto/data//mosquitto.db.
1695891254: Saving in-memory database to /mosquitto/data//mosquitto.db.
1695893055: Saving in-memory database to /mosquitto/data//mosquitto.db.
1695894856: Saving in-memory database to /mosquitto/data//mosquitto.db.
1695896657: Saving in-memory database to /mosquitto/data//mosquitto.db.
1695898458: Saving in-memory database to /mosquitto/data//mosquitto.db.
1695900259: Saving in-memory database to /mosquitto/data//mosquitto.db.
1695902060: Saving in-memory database to /mosquitto/data//mosquitto.db.
1695903861: Saving in-memory database to /mosquitto/data//mosquitto.db.
1695905662: Saving in-memory database to /mosquitto/data//mosquitto.db.
1695907463: Saving in-memory database to /mosquitto/data//mosquitto.db.
1695909264: Saving in-memory database to /mosquitto/data//mosquitto.db.
1695911065: Saving in-memory database to /mosquitto/data//mosquitto.db.
1695912866: Saving in-memory database to /mosquitto/data//mosquitto.db.
1695914667: Saving in-memory database to /mosquitto/data//mosquitto.db.
1695916468: Saving in-memory database to /mosquitto/data//mosquitto.db.
1695918269: Saving in-memory database to /mosquitto/data//mosquitto.db.
1695920070: Saving in-memory database to /mosquitto/data//mosquitto.db.
1695921871: Saving in-memory database to /mosquitto/data//mosquitto.db.
1695923672: Saving in-memory database to /mosquitto/data//mosquitto.db.
1695925473: Saving in-memory database to /mosquitto/data//mosquitto.db.
1695927274: Saving in-memory database to /mosquitto/data//mosquitto.db.
1695929075: Saving in-memory database to /mosquitto/data//mosquitto.db.
1695930876: Saving in-memory database to /mosquitto/data//mosquitto.db.
1695932677: Saving in-memory database to /mosquitto/data//mosquitto.db.
1695934478: Saving in-memory database to /mosquitto/data//mosquitto.db.
1695936279: Saving in-memory database to /mosquitto/data//mosquitto.db.
1695938080: Saving in-memory database to /mosquitto/data//mosquitto.db.
1695939881: Saving in-memory database to /mosquitto/data//mosquitto.db.
1695941682: Saving in-memory database to /mosquitto/data//mosquitto.db.
1695943483: Saving in-memory database to /mosquitto/data//mosquitto.db.
1695945284: Saving in-memory database to /mosquitto/data//mosquitto.db.
1695947085: Saving in-memory database to /mosquitto/data//mosquitto.db.
1695948886: Saving in-memory database to /mosquitto/data//mosquitto.db.
1695950687: Saving in-memory database to /mosquitto/data//mosquitto.db.
1695952488: Saving in-memory database to /mosquitto/data//mosquitto.db.
1695954289: Saving in-memory database to /mosquitto/data//mosquitto.db.
1695956090: Saving in-memory database to /mosquitto/data//mosquitto.db.
1695957891: Saving in-memory database to /mosquitto/data//mosquitto.db.
1695959692: Saving in-memory database to /mosquitto/data//mosquitto.db.
1695961493: Saving in-memory database to /mosquitto/data//mosquitto.db.
1695963294: Saving in-memory database to /mosquitto/data//mosquitto.db.
1695965095: Saving in-memory database to /mosquitto/data//mosquitto.db.
1695966896: Saving in-memory database to /mosquitto/data//mosquitto.db.
1695968697: Saving in-memory database to /mosquitto/data//mosquitto.db.
1695970498: Saving in-memory database to /mosquitto/data//mosquitto.db.
1695972299: Saving in-memory database to /mosquitto/data//mosquitto.db.
1695974100: Saving in-memory database to /mosquitto/data//mosquitto.db.
1695975901: Saving in-memory database to /mosquitto/data//mosquitto.db.
1695977702: Saving in-memory database to /mosquitto/data//mosquitto.db.
1695979503: Saving in-memory database to /mosquitto/data//mosquitto.db.
1695981304: Saving in-memory database to /mosquitto/data//mosquitto.db.
1695983105: Saving in-memory database to /mosquitto/data//mosquitto.db.
1695984906: Saving in-memory database to /mosquitto/data//mosquitto.db.
1695986707: Saving in-memory database to /mosquitto/data//mosquitto.db.
1695988508: Saving in-memory database to /mosquitto/data//mosquitto.db.
1695990309: Saving in-memory database to /mosquitto/data//mosquitto.db.
1695992110: Saving in-memory database to /mosquitto/data//mosquitto.db.
1695993911: Saving in-memory database to /mosquitto/data//mosquitto.db.
1695995712: Saving in-memory database to /mosquitto/data//mosquitto.db.
1695997513: Saving in-memory database to /mosquitto/data//mosquitto.db.
1695999314: Saving in-memory database to /mosquitto/data//mosquitto.db.
1696001115: Saving in-memory database to /mosquitto/data//mosquitto.db.
1696002916: Saving in-memory database to /mosquitto/data//mosquitto.db.
1696004717: Saving in-memory database to /mosquitto/data//mosquitto.db.
1696006518: Saving in-memory database to /mosquitto/data//mosquitto.db.
1696008319: Saving in-memory database to /mosquitto/data//mosquitto.db.
1696010120: Saving in-memory database to /mosquitto/data//mosquitto.db.
1696011921: Saving in-memory database to /mosquitto/data//mosquitto.db.
1696013722: Saving in-memory database to /mosquitto/data//mosquitto.db.
1696015523: Saving in-memory database to /mosquitto/data//mosquitto.db.
1696017324: Saving in-memory database to /mosquitto/data//mosquitto.db.
1696019125: Saving in-memory database to /mosquitto/data//mosquitto.db.
1696020926: Saving in-memory database to /mosquitto/data//mosquitto.db.
1696022727: Saving in-memory database to /mosquitto/data//mosquitto.db.
1696024528: Saving in-memory database to /mosquitto/data//mosquitto.db.
1696026329: Saving in-memory database to /mosquitto/data//mosquitto.db.
1696028130: Saving in-memory database to /mosquitto/data//mosquitto.db.
1696029931: Saving in-memory database to /mosquitto/data//mosquitto.db.
1696031732: Saving in-memory database to /mosquitto/data//mosquitto.db.
1696033533: Saving in-memory database to /mosquitto/data//mosquitto.db.
1696035334: Saving in-memory database to /mosquitto/data//mosquitto.db.
1696037135: Saving in-memory database to /mosquitto/data//mosquitto.db.
1696038936: Saving in-memory database to /mosquitto/data//mosquitto.db.
1696040737: Saving in-memory database to /mosquitto/data//mosquitto.db.
1696042538: Saving in-memory database to /mosquitto/data//mosquitto.db.
1696044339: Saving in-memory database to /mosquitto/data//mosquitto.db.
1696046140: Saving in-memory database to /mosquitto/data//mosquitto.db.
1696047941: Saving in-memory database to /mosquitto/data//mosquitto.db.
1696049742: Saving in-memory database to /mosquitto/data//mosquitto.db.
